2024-12-14T08:53:05+00:00 INFO Array
(
    [Webhook Delivery] => Array
        (
            [Delivery ID] => 822e6e6eacae6f8a01eb4137716f1b3d
            [Date] => Dec 14, 2024 @ 8:53
            [URL] => https://connect.pabbly.com/workflow/sendwebhookdata/IjU3NjUwNTY0MDYzNzA0MzU1MjZiNTUzZDUxMzci_pc
            [Duration] => 0.76236
            [Request] => Array
                (
                    [Method] => POST
                    [Headers] => Array
                        (
                            [User-Agent] => WooCommerce/9.4.3 Hookshot (WordPress/6.7.1)
                            [Content-Type] => application/json
                            [X-WC-Webhook-Source] => https://colonelzsharpshooterz.com/
                            [X-WC-Webhook-Topic] => order.created
                            [X-WC-Webhook-Resource] => order
                            [X-WC-Webhook-Event] => created
                            [X-WC-Webhook-Signature] => ejewpU0QmJ+Y8RBI522ZnjCh/MzQwNgVbe3jZconFyg=
                            [X-WC-Webhook-ID] => 12
                            [X-WC-Webhook-Delivery-ID] => 822e6e6eacae6f8a01eb4137716f1b3d
                        )

                )

            [Body] => Webhook body is not logged unless WP_DEBUG mode is turned on. This is to avoid the storing of personal data in the logs.
            [Response] => Array
                (
                    [Code] => 200
                    [Message] => OK
                    [Headers] => WpOrg\Requests\Utility\CaseInsensitiveDictionary Object
                        (
                            [data:protected] => Array
                                (
                                    [date] => Sat, 14 Dec 2024 08:53:05 GMT
                                    [content-type] => text/html; charset=UTF-8
                                    [access-control-allow-origin] => *
                                    [access-control-allow-methods] => GET, POST, PUT, DELETE, OPTIONS
                                    [access-control-allow-headers] => Content-Type, Content-Length, Accept-Encoding, X-Requested-With
                                    [set-cookie] => ci_connect_pabbly_sesion=0udq4cib25hpk2ntld5pd2col61kg97e; expires=Sat, 14-Dec-2024 10:53:05 GMT; Max-Age=7200; path=/; secure; HttpOnly; SameSite=Lax
                                    [expires] => Thu, 19 Nov 1981 08:52:00 GMT
                                    [cache-control] => no-store, no-cache, must-revalidate
                                    [pragma] => no-cache
                                    [cf-cache-status] => DYNAMIC
                                    [report-to] => {"endpoints":[{"url":"https:\/\/a.nel.cloudflare.com\/report\/v4?s=IMWCT8HjhGxLkk%2B9QRn2wYCkbSd7baiwWTllsdGzeHsFY4ts0LI%2F1B%2BVxvd1jCGvj6ibTmcT5zY8B1l7HwEfmImz4GAMNFAAwhe8V52QgWkL6UscuAQdvTDHsR8TBD%2FSr0wPxA%3D%3D"}],"group":"cf-nel","max_age":604800}
                                    [nel] => {"success_fraction":0,"report_to":"cf-nel","max_age":604800}
                                    [x-frame-options] => SAMEORIGIN
                                    [access-control-allow-credentials] => true
                                    [referrer-policy] => strict-origin
                                    [strict-transport-security] => max-age=31536000
                                    [x-content-type-options] => nosniff
                                    [x-permissions-policy] => clipboard-read=(self), clipboard-write=(self), filesystem=()
                                    [x-xss-protection] => 1; mode=block
                                    [server] => cloudflare
                                    [cf-ray] => 8f1cf6245c2cf892-SIN
                                    [content-encoding] => gzip
                                    [server-timing] => cfL4;desc="?proto=TCP&rtt=1191&min_rtt=1182&rtt_var=450&sent=5&recv=8&lost=0&retrans=0&sent_bytes=2836&recv_bytes=4575&delivery_rate=2450084&cwnd=32&unsent_bytes=0&cid=d8702ab9b95973fd&ts=302&x=0"
                                )

                        )

                    [Body] => Webhook body is not logged unless WP_DEBUG mode is turned on. This is to avoid the storing of personal data in the logs.
                )

        )

)
2024-12-14T08:53:05+00:00 INFO Array
(
    [Webhook Delivery] => Array
        (
            [Delivery ID] => 0f3ee1a16d96aaa2a63cd5f4f1ad85d3
            [Date] => Dec 14, 2024 @ 8:53
            [URL] => https://connect.pabbly.com/workflow/sendwebhookdata/IjU3NjUwNTY1MDYzZjA0MzE1MjZiNTUzNjUxM2Ei_pc
            [Duration] => 0.30015
            [Request] => Array
                (
                    [Method] => POST
                    [Headers] => Array
                        (
                            [User-Agent] => WooCommerce/9.4.3 Hookshot (WordPress/6.7.1)
                            [Content-Type] => application/json
                            [X-WC-Webhook-Source] => https://colonelzsharpshooterz.com/
                            [X-WC-Webhook-Topic] => order.created
                            [X-WC-Webhook-Resource] => order
                            [X-WC-Webhook-Event] => created
                            [X-WC-Webhook-Signature] => 5koQDAX7WJcN+zJguCfIAqm9aIJiT5GPsaCFETWugHs=
                            [X-WC-Webhook-ID] => 11
                            [X-WC-Webhook-Delivery-ID] => 0f3ee1a16d96aaa2a63cd5f4f1ad85d3
                        )

                )

            [Body] => Webhook body is not logged unless WP_DEBUG mode is turned on. This is to avoid the storing of personal data in the logs.
            [Response] => Array
                (
                    [Code] => 200
                    [Message] => OK
                    [Headers] => WpOrg\Requests\Utility\CaseInsensitiveDictionary Object
                        (
                            [data:protected] => Array
                                (
                                    [date] => Sat, 14 Dec 2024 08:53:05 GMT
                                    [content-type] => text/html; charset=UTF-8
                                    [access-control-allow-origin] => *
                                    [access-control-allow-methods] => GET, POST, PUT, DELETE, OPTIONS
                                    [access-control-allow-headers] => Content-Type, Content-Length, Accept-Encoding, X-Requested-With
                                    [set-cookie] => ci_connect_pabbly_sesion=quedn88ph7tb37econqdd5kij0qosqia; expires=Sat, 14-Dec-2024 10:53:05 GMT; Max-Age=7200; path=/; secure; HttpOnly; SameSite=Lax
                                    [expires] => Thu, 19 Nov 1981 08:52:00 GMT
                                    [cache-control] => no-store, no-cache, must-revalidate
                                    [pragma] => no-cache
                                    [cf-cache-status] => DYNAMIC
                                    [report-to] => {"endpoints":[{"url":"https:\/\/a.nel.cloudflare.com\/report\/v4?s=WpvuzD1HdA3tBXWPJznLTL5Ci31MoGT78CA33LOA0mrekIwHnuKb%2BUJ6OE7To1IwCR02z8Ep5xsyCsceborJkHe7oSrOjkIiCGGT0uE6jqB%2B3Wmek2BgDUHK6wmTBZ07Y5eBVQ%3D%3D"}],"group":"cf-nel","max_age":604800}
                                    [nel] => {"success_fraction":0,"report_to":"cf-nel","max_age":604800}
                                    [x-frame-options] => SAMEORIGIN
                                    [access-control-allow-credentials] => true
                                    [referrer-policy] => strict-origin
                                    [strict-transport-security] => max-age=31536000
                                    [x-content-type-options] => nosniff
                                    [x-permissions-policy] => clipboard-read=(self), clipboard-write=(self), filesystem=()
                                    [x-xss-protection] => 1; mode=block
                                    [server] => cloudflare
                                    [cf-ray] => 8f1cf6267cb3fd65-SIN
                                    [content-encoding] => gzip
                                    [server-timing] => cfL4;desc="?proto=TCP&rtt=1245&min_rtt=1239&rtt_var=353&sent=5&recv=9&lost=0&retrans=0&sent_bytes=2838&recv_bytes=4575&delivery_rate=2327974&cwnd=32&unsent_bytes=0&cid=349404ebc1206e72&ts=279&x=0"
                                )

                        )

                    [Body] => Webhook body is not logged unless WP_DEBUG mode is turned on. This is to avoid the storing of personal data in the logs.
                )

        )

)
2024-12-14T08:53:06+00:00 INFO Array
(
    [Webhook Delivery] => Array
        (
            [Delivery ID] => 18201806a58dc45ad14d4ab50097bff1
            [Date] => Dec 14, 2024 @ 8:53
            [URL] => https://connect.pabbly.com/workflow/sendwebhookdata/IjU3NjUwNTY1MDYzMDA0MzY1MjZiNTUzMjUxMzUi_pc
            [Duration] => 0.29125
            [Request] => Array
                (
                    [Method] => POST
                    [Headers] => Array
                        (
                            [User-Agent] => WooCommerce/9.4.3 Hookshot (WordPress/6.7.1)
                            [Content-Type] => application/json
                            [X-WC-Webhook-Source] => https://colonelzsharpshooterz.com/
                            [X-WC-Webhook-Topic] => order.created
                            [X-WC-Webhook-Resource] => order
                            [X-WC-Webhook-Event] => created
                            [X-WC-Webhook-Signature] => N4FmCpwTDgX/awGTD2gjpoeJRMuRiyrJ3mybCXnDiGg=
                            [X-WC-Webhook-ID] => 6
                            [X-WC-Webhook-Delivery-ID] => 18201806a58dc45ad14d4ab50097bff1
                        )

                )

            [Body] => Webhook body is not logged unless WP_DEBUG mode is turned on. This is to avoid the storing of personal data in the logs.
            [Response] => Array
                (
                    [Code] => 200
                    [Message] => OK
                    [Headers] => WpOrg\Requests\Utility\CaseInsensitiveDictionary Object
                        (
                            [data:protected] => Array
                                (
                                    [date] => Sat, 14 Dec 2024 08:53:06 GMT
                                    [content-type] => text/html; charset=UTF-8
                                    [access-control-allow-origin] => *
                                    [access-control-allow-methods] => GET, POST, PUT, DELETE, OPTIONS
                                    [access-control-allow-headers] => Content-Type, Content-Length, Accept-Encoding, X-Requested-With
                                    [set-cookie] => ci_connect_pabbly_sesion=l29ae0c3sh4ropbid8jrgag238ht4a6c; expires=Sat, 14-Dec-2024 10:53:06 GMT; Max-Age=7200; path=/; secure; HttpOnly; SameSite=Lax
                                    [expires] => Thu, 19 Nov 1981 08:52:00 GMT
                                    [cache-control] => no-store, no-cache, must-revalidate
                                    [pragma] => no-cache
                                    [cf-cache-status] => DYNAMIC
                                    [report-to] => {"endpoints":[{"url":"https:\/\/a.nel.cloudflare.com\/report\/v4?s=7Eq3NERVVpoM%2FgVOSCtonPxJFPqaLdXYYuTpyWvQU8BGIEm%2B3Z%2Bcb8qeqdajA9dhgOabfZWQDs1bg%2Fm%2BiLUoeJdmvVTiJ%2BV%2FV9h62ZDoSizQ5Q%2Bea9QzdN3k6gCzBfnP%2FqlbHg%3D%3D"}],"group":"cf-nel","max_age":604800}
                                    [nel] => {"success_fraction":0,"report_to":"cf-nel","max_age":604800}
                                    [x-frame-options] => SAMEORIGIN
                                    [access-control-allow-credentials] => true
                                    [referrer-policy] => strict-origin
                                    [strict-transport-security] => max-age=31536000
                                    [x-content-type-options] => nosniff
                                    [x-permissions-policy] => clipboard-read=(self), clipboard-write=(self), filesystem=()
                                    [x-xss-protection] => 1; mode=block
                                    [server] => cloudflare
                                    [cf-ray] => 8f1cf6286c2bf8de-SIN
                                    [content-encoding] => gzip
                                    [server-timing] => cfL4;desc="?proto=TCP&rtt=1247&min_rtt=1224&rtt_var=363&sent=5&recv=9&lost=0&retrans=0&sent_bytes=2837&recv_bytes=4574&delivery_rate=2266040&cwnd=32&unsent_bytes=0&cid=dab554e0269306f4&ts=272&x=0"
                                )

                        )

                    [Body] => Webhook body is not logged unless WP_DEBUG mode is turned on. This is to avoid the storing of personal data in the logs.
                )

        )

)
2024-12-14T09:11:06+00:00 INFO Array
(
    [Webhook Delivery] => Array
        (
            [Delivery ID] => b3df79afa474bc4e26c0581002dd9f9d
            [Date] => Dec 14, 2024 @ 9:11
            [URL] => https://connect.pabbly.com/workflow/sendwebhookdata/IjU3NjUwNTY0MDYzNzA0MzU1MjZiNTUzZDUxMzci_pc
            [Duration] => 1.12494
            [Request] => Array
                (
                    [Method] => POST
                    [Headers] => Array
                        (
                            [User-Agent] => WooCommerce/9.4.3 Hookshot (WordPress/6.7.1)
                            [Content-Type] => application/json
                            [X-WC-Webhook-Source] => https://colonelzsharpshooterz.com/
                            [X-WC-Webhook-Topic] => order.created
                            [X-WC-Webhook-Resource] => order
                            [X-WC-Webhook-Event] => created
                            [X-WC-Webhook-Signature] => Nj+fw30WEEBXPms4TTxPKESE/HGlok7poRZ9EVthS0E=
                            [X-WC-Webhook-ID] => 12
                            [X-WC-Webhook-Delivery-ID] => b3df79afa474bc4e26c0581002dd9f9d
                        )

                )

            [Body] => Webhook body is not logged unless WP_DEBUG mode is turned on. This is to avoid the storing of personal data in the logs.
            [Response] => Array
                (
                    [Code] => 200
                    [Message] => OK
                    [Headers] => WpOrg\Requests\Utility\CaseInsensitiveDictionary Object
                        (
                            [data:protected] => Array
                                (
                                    [date] => Sat, 14 Dec 2024 09:11:06 GMT
                                    [content-type] => text/html; charset=UTF-8
                                    [access-control-allow-origin] => *
                                    [access-control-allow-methods] => GET, POST, PUT, DELETE, OPTIONS
                                    [access-control-allow-headers] => Content-Type, Content-Length, Accept-Encoding, X-Requested-With
                                    [set-cookie] => ci_connect_pabbly_sesion=gcmpskdust219mjuvdvk1epadjp4i3te; expires=Sat, 14-Dec-2024 11:11:06 GMT; Max-Age=7200; path=/; secure; HttpOnly; SameSite=Lax
                                    [expires] => Thu, 19 Nov 1981 08:52:00 GMT
                                    [cache-control] => no-store, no-cache, must-revalidate
                                    [pragma] => no-cache
                                    [cf-cache-status] => DYNAMIC
                                    [report-to] => {"endpoints":[{"url":"https:\/\/a.nel.cloudflare.com\/report\/v4?s=mM2n%2BUTWqV6mqQNifEZuoWP3pBCOgUGZtjYUEP7CRm4NmQN7iJ%2F0va28lsSYxD0yojHFM1qTPDhchcMgCQABp0Gcn08Qx1YinJo6LtAtTI4lxjL7Y9OBm2tB%2BwsmWzKqIbyq9w%3D%3D"}],"group":"cf-nel","max_age":604800}
                                    [nel] => {"success_fraction":0,"report_to":"cf-nel","max_age":604800}
                                    [x-frame-options] => SAMEORIGIN
                                    [access-control-allow-credentials] => true
                                    [referrer-policy] => strict-origin
                                    [strict-transport-security] => max-age=31536000
                                    [x-content-type-options] => nosniff
                                    [x-permissions-policy] => clipboard-read=(self), clipboard-write=(self), filesystem=()
                                    [x-xss-protection] => 1; mode=block
                                    [server] => cloudflare
                                    [cf-ray] => 8f1d10839e8a81ef-SIN
                                    [content-encoding] => gzip
                                    [server-timing] => cfL4;desc="?proto=TCP&rtt=1590&min_rtt=1496&rtt_var=628&sent=5&recv=8&lost=0&retrans=0&sent_bytes=2835&recv_bytes=4575&delivery_rate=1935828&cwnd=251&unsent_bytes=0&cid=e56bcf2b13d2c93d&ts=680&x=0"
                                )

                        )

                    [Body] => Webhook body is not logged unless WP_DEBUG mode is turned on. This is to avoid the storing of personal data in the logs.
                )

        )

)
2024-12-14T09:11:07+00:00 INFO Array
(
    [Webhook Delivery] => Array
        (
            [Delivery ID] => 343c9fc73775718f95cc74d063719463
            [Date] => Dec 14, 2024 @ 9:11
            [URL] => https://connect.pabbly.com/workflow/sendwebhookdata/IjU3NjUwNTY1MDYzZjA0MzE1MjZiNTUzNjUxM2Ei_pc
            [Duration] => 0.78084
            [Request] => Array
                (
                    [Method] => POST
                    [Headers] => Array
                        (
                            [User-Agent] => WooCommerce/9.4.3 Hookshot (WordPress/6.7.1)
                            [Content-Type] => application/json
                            [X-WC-Webhook-Source] => https://colonelzsharpshooterz.com/
                            [X-WC-Webhook-Topic] => order.created
                            [X-WC-Webhook-Resource] => order
                            [X-WC-Webhook-Event] => created
                            [X-WC-Webhook-Signature] => HFPkYjM5dFM0iz8ikmmsge+MX9fL5dD/eYZiC3ZfMms=
                            [X-WC-Webhook-ID] => 11
                            [X-WC-Webhook-Delivery-ID] => 343c9fc73775718f95cc74d063719463
                        )

                )

            [Body] => Webhook body is not logged unless WP_DEBUG mode is turned on. This is to avoid the storing of personal data in the logs.
            [Response] => Array
                (
                    [Code] => 200
                    [Message] => OK
                    [Headers] => WpOrg\Requests\Utility\CaseInsensitiveDictionary Object
                        (
                            [data:protected] => Array
                                (
                                    [date] => Sat, 14 Dec 2024 09:11:06 GMT
                                    [content-type] => text/html; charset=UTF-8
                                    [access-control-allow-origin] => *
                                    [access-control-allow-methods] => GET, POST, PUT, DELETE, OPTIONS
                                    [access-control-allow-headers] => Content-Type, Content-Length, Accept-Encoding, X-Requested-With
                                    [set-cookie] => ci_connect_pabbly_sesion=j8r1dq9jsj65j1h2hvunnjb4d3pjslp7; expires=Sat, 14-Dec-2024 11:11:06 GMT; Max-Age=7200; path=/; secure; HttpOnly; SameSite=Lax
                                    [expires] => Thu, 19 Nov 1981 08:52:00 GMT
                                    [cache-control] => no-store, no-cache, must-revalidate
                                    [pragma] => no-cache
                                    [cf-cache-status] => DYNAMIC
                                    [report-to] => {"endpoints":[{"url":"https:\/\/a.nel.cloudflare.com\/report\/v4?s=mQJEkcOfj%2FFezCyMqN7v%2BrIFESr6Fh%2FpVAy%2BYCOJXJCxZX%2FpDk6T%2F%2FJPCzfBDhBm8U%2F5%2FkEzJCZK6rYLY4ItThspRvv9VAuE2E1Zd4IUUDKymxXwno6DmiYo3fLMSMTqngxZWQ%3D%3D"}],"group":"cf-nel","max_age":604800}
                                    [nel] => {"success_fraction":0,"report_to":"cf-nel","max_age":604800}
                                    [x-frame-options] => SAMEORIGIN
                                    [access-control-allow-credentials] => true
                                    [referrer-policy] => strict-origin
                                    [strict-transport-security] => max-age=31536000
                                    [x-content-type-options] => nosniff
                                    [x-permissions-policy] => clipboard-read=(self), clipboard-write=(self), filesystem=()
                                    [x-xss-protection] => 1; mode=block
                                    [server] => cloudflare
                                    [cf-ray] => 8f1d10881ae044a3-SIN
                                    [content-encoding] => gzip
                                    [server-timing] => cfL4;desc="?proto=TCP&rtt=1366&min_rtt=1285&rtt_var=540&sent=4&recv=8&lost=0&retrans=0&sent_bytes=2836&recv_bytes=4575&delivery_rate=2253696&cwnd=252&unsent_bytes=0&cid=f582f2cf8ea0de87&ts=753&x=0"
                                )

                        )

                    [Body] => Webhook body is not logged unless WP_DEBUG mode is turned on. This is to avoid the storing of personal data in the logs.
                )

        )

)
2024-12-14T09:11:07+00:00 INFO Array
(
    [Webhook Delivery] => Array
        (
            [Delivery ID] => 05612bb15c9de87780720322ae4d19df
            [Date] => Dec 14, 2024 @ 9:11
            [URL] => https://connect.pabbly.com/workflow/sendwebhookdata/IjU3NjUwNTY1MDYzMDA0MzY1MjZiNTUzMjUxMzUi_pc
            [Duration] => 0.48056
            [Request] => Array
                (
                    [Method] => POST
                    [Headers] => Array
                        (
                            [User-Agent] => WooCommerce/9.4.3 Hookshot (WordPress/6.7.1)
                            [Content-Type] => application/json
                            [X-WC-Webhook-Source] => https://colonelzsharpshooterz.com/
                            [X-WC-Webhook-Topic] => order.created
                            [X-WC-Webhook-Resource] => order
                            [X-WC-Webhook-Event] => created
                            [X-WC-Webhook-Signature] => /BnCk0WkzjKo7KJVMwTzrGsWrvk2R6gY6inWhRL0BnQ=
                            [X-WC-Webhook-ID] => 6
                            [X-WC-Webhook-Delivery-ID] => 05612bb15c9de87780720322ae4d19df
                        )

                )

            [Body] => Webhook body is not logged unless WP_DEBUG mode is turned on. This is to avoid the storing of personal data in the logs.
            [Response] => Array
                (
                    [Code] => 200
                    [Message] => OK
                    [Headers] => WpOrg\Requests\Utility\CaseInsensitiveDictionary Object
                        (
                            [data:protected] => Array
                                (
                                    [date] => Sat, 14 Dec 2024 09:11:07 GMT
                                    [content-type] => text/html; charset=UTF-8
                                    [access-control-allow-origin] => *
                                    [access-control-allow-methods] => GET, POST, PUT, DELETE, OPTIONS
                                    [access-control-allow-headers] => Content-Type, Content-Length, Accept-Encoding, X-Requested-With
                                    [set-cookie] => ci_connect_pabbly_sesion=1ljtksq5la89p7fpfue70o59rej4tmk5; expires=Sat, 14-Dec-2024 11:11:07 GMT; Max-Age=7200; path=/; secure; HttpOnly; SameSite=Lax
                                    [expires] => Thu, 19 Nov 1981 08:52:00 GMT
                                    [cache-control] => no-store, no-cache, must-revalidate
                                    [pragma] => no-cache
                                    [cf-cache-status] => DYNAMIC
                                    [report-to] => {"endpoints":[{"url":"https:\/\/a.nel.cloudflare.com\/report\/v4?s=wYt0jYGq8tD7JT6AHmrMx8z29bRvtzrN%2B698q518UbiNn3xcqBhxEOk6XU5Ov1l94BplpUwovbkz%2F5ox5a5Dii1kbHtdZ7T1uvBRxjZAXwS4VXlIRVyS88g4N8yE8cBnEPufrg%3D%3D"}],"group":"cf-nel","max_age":604800}
                                    [nel] => {"success_fraction":0,"report_to":"cf-nel","max_age":604800}
                                    [x-frame-options] => SAMEORIGIN
                                    [access-control-allow-credentials] => true
                                    [referrer-policy] => strict-origin
                                    [strict-transport-security] => max-age=31536000
                                    [x-content-type-options] => nosniff
                                    [x-permissions-policy] => clipboard-read=(self), clipboard-write=(self), filesystem=()
                                    [x-xss-protection] => 1; mode=block
                                    [server] => cloudflare
                                    [cf-ray] => 8f1d108d0939f8c4-SIN
                                    [content-encoding] => gzip
                                    [server-timing] => cfL4;desc="?proto=TCP&rtt=1427&min_rtt=1234&rtt_var=601&sent=5&recv=8&lost=0&retrans=0&sent_bytes=2838&recv_bytes=4574&delivery_rate=2346839&cwnd=32&unsent_bytes=0&cid=b6bed7ec6f9f187d&ts=459&x=0"
                                )

                        )

                    [Body] => Webhook body is not logged unless WP_DEBUG mode is turned on. This is to avoid the storing of personal data in the logs.
                )

        )

)
2024-12-14T09:12:06+00:00 INFO Array
(
    [Webhook Delivery] => Array
        (
            [Delivery ID] => 1df4a2d446c43baac97765511276fff8
            [Date] => Dec 14, 2024 @ 9:12
            [URL] => https://connect.pabbly.com/workflow/sendwebhookdata/IjU3NjUwNTY4MDYzMDA0MzA1MjY5NTUzNTUxMzci_pc
            [Duration] => 1.14407
            [Request] => Array
                (
                    [Method] => POST
                    [Headers] => Array
                        (
                            [User-Agent] => WooCommerce/9.4.3 Hookshot (WordPress/6.7.1)
                            [Content-Type] => application/json
                            [X-WC-Webhook-Source] => https://colonelzsharpshooterz.com/
                            [X-WC-Webhook-Topic] => order.updated
                            [X-WC-Webhook-Resource] => order
                            [X-WC-Webhook-Event] => updated
                            [X-WC-Webhook-Signature] => bcd7LJo2YiOq1+Fn+JcJSoxsJgPGpsKUHmQz4J/bP4c=
                            [X-WC-Webhook-ID] => 9
                            [X-WC-Webhook-Delivery-ID] => 1df4a2d446c43baac97765511276fff8
                        )

                )

            [Body] => Webhook body is not logged unless WP_DEBUG mode is turned on. This is to avoid the storing of personal data in the logs.
            [Response] => Array
                (
                    [Code] => 200
                    [Message] => OK
                    [Headers] => WpOrg\Requests\Utility\CaseInsensitiveDictionary Object
                        (
                            [data:protected] => Array
                                (
                                    [date] => Sat, 14 Dec 2024 09:12:06 GMT
                                    [content-type] => text/html; charset=UTF-8
                                    [access-control-allow-origin] => *
                                    [access-control-allow-methods] => GET, POST, PUT, DELETE, OPTIONS
                                    [access-control-allow-headers] => Content-Type, Content-Length, Accept-Encoding, X-Requested-With
                                    [set-cookie] => ci_connect_pabbly_sesion=hv4jkkog264l8mnni01julkou4f6idpm; expires=Sat, 14-Dec-2024 11:12:06 GMT; Max-Age=7200; path=/; secure; HttpOnly; SameSite=Lax
                                    [expires] => Thu, 19 Nov 1981 08:52:00 GMT
                                    [cache-control] => no-store, no-cache, must-revalidate
                                    [pragma] => no-cache
                                    [cf-cache-status] => DYNAMIC
                                    [report-to] => {"endpoints":[{"url":"https:\/\/a.nel.cloudflare.com\/report\/v4?s=6YpQXLdtAztwJpFNnITOpQNWCvU1rMHH3gWvp0qY6pxJ0CYYhfT4QOu0woZUCafzSD3rgik3hNoVMvKtckA72kMAdYF3kjQpmdMEyl3GGW1a56ECcanlTlN3xblvDY4HzR5oEQ%3D%3D"}],"group":"cf-nel","max_age":604800}
                                    [nel] => {"success_fraction":0,"report_to":"cf-nel","max_age":604800}
                                    [x-frame-options] => SAMEORIGIN
                                    [access-control-allow-credentials] => true
                                    [referrer-policy] => strict-origin
                                    [strict-transport-security] => max-age=31536000
                                    [x-content-type-options] => nosniff
                                    [x-permissions-policy] => clipboard-read=(self), clipboard-write=(self), filesystem=()
                                    [x-xss-protection] => 1; mode=block
                                    [server] => cloudflare
                                    [cf-ray] => 8f1d11fb18aca3ee-SIN
                                    [content-encoding] => gzip
                                    [server-timing] => cfL4;desc="?proto=TCP&rtt=1224&min_rtt=1085&rtt_var=426&sent=4&recv=10&lost=0&retrans=0&sent_bytes=2837&recv_bytes=5457&delivery_rate=2644748&cwnd=251&unsent_bytes=0&cid=c9c9fd66992b2c7b&ts=709&x=0"
                                )

                        )

                    [Body] => Webhook body is not logged unless WP_DEBUG mode is turned on. This is to avoid the storing of personal data in the logs.
                )

        )

)
2024-12-14T09:12:06+00:00 INFO Array
(
    [Webhook Delivery] => Array
        (
            [Delivery ID] => 4ec9fd511cb76698792e0399bb782c8f
            [Date] => Dec 14, 2024 @ 9:12
            [URL] => https://connect.pabbly.com/workflow/sendwebhookdata/IjU3NjUwNTY1MDYzNjA0MzE1MjZiNTUzMTUxMzUi_pc
            [Duration] => 0.31897
            [Request] => Array
                (
                    [Method] => POST
                    [Headers] => Array
                        (
                            [User-Agent] => WooCommerce/9.4.3 Hookshot (WordPress/6.7.1)
                            [Content-Type] => application/json
                            [X-WC-Webhook-Source] => https://colonelzsharpshooterz.com/
                            [X-WC-Webhook-Topic] => order.updated
                            [X-WC-Webhook-Resource] => order
                            [X-WC-Webhook-Event] => updated
                            [X-WC-Webhook-Signature] => TdiKoVMTnGddprp5QWXXvbMYSVaubeDNMQZRKSzqpmU=
                            [X-WC-Webhook-ID] => 5
                            [X-WC-Webhook-Delivery-ID] => 4ec9fd511cb76698792e0399bb782c8f
                        )

                )

            [Body] => Webhook body is not logged unless WP_DEBUG mode is turned on. This is to avoid the storing of personal data in the logs.
            [Response] => Array
                (
                    [Code] => 200
                    [Message] => OK
                    [Headers] => WpOrg\Requests\Utility\CaseInsensitiveDictionary Object
                        (
                            [data:protected] => Array
                                (
                                    [date] => Sat, 14 Dec 2024 09:12:06 GMT
                                    [content-type] => text/html; charset=UTF-8
                                    [access-control-allow-origin] => *
                                    [access-control-allow-methods] => GET, POST, PUT, DELETE, OPTIONS
                                    [access-control-allow-headers] => Content-Type, Content-Length, Accept-Encoding, X-Requested-With
                                    [set-cookie] => ci_connect_pabbly_sesion=kjpmdn656dtssa8acaeumqv0plo5qff9; expires=Sat, 14-Dec-2024 11:12:06 GMT; Max-Age=7200; path=/; secure; HttpOnly; SameSite=Lax
                                    [expires] => Thu, 19 Nov 1981 08:52:00 GMT
                                    [cache-control] => no-store, no-cache, must-revalidate
                                    [pragma] => no-cache
                                    [cf-cache-status] => DYNAMIC
                                    [report-to] => {"endpoints":[{"url":"https:\/\/a.nel.cloudflare.com\/report\/v4?s=pLZWJYGr9f94GG1vmZu1JkLF6xVSZbqdoSMoUur%2F4BIggzCCoa%2BoZoJpxH8rWJCNBM0%2FPO5Y7JYG%2BqhhHeIn6ZjMKh4w6wLIyPGOKvl3aoxCFxqn%2FFMREHE7G1v7sp3oKMQDTA%3D%3D"}],"group":"cf-nel","max_age":604800}
                                    [nel] => {"success_fraction":0,"report_to":"cf-nel","max_age":604800}
                                    [x-frame-options] => SAMEORIGIN
                                    [access-control-allow-credentials] => true
                                    [referrer-policy] => strict-origin
                                    [strict-transport-security] => max-age=31536000
                                    [x-content-type-options] => nosniff
                                    [x-permissions-policy] => clipboard-read=(self), clipboard-write=(self), filesystem=()
                                    [x-xss-protection] => 1; mode=block
                                    [server] => cloudflare
                                    [cf-ray] => 8f1d11ffb9c79e2e-SIN
                                    [content-encoding] => gzip
                                    [server-timing] => cfL4;desc="?proto=TCP&rtt=1875&min_rtt=1105&rtt_var=965&sent=5&recv=9&lost=0&retrans=0&sent_bytes=2838&recv_bytes=5457&delivery_rate=2620814&cwnd=241&unsent_bytes=0&cid=cf83a3e1be155e34&ts=298&x=0"
                                )

                        )

                    [Body] => Webhook body is not logged unless WP_DEBUG mode is turned on. This is to avoid the storing of personal data in the logs.
                )

        )

)
2024-12-14T09:14:06+00:00 INFO Array
(
    [Webhook Delivery] => Array
        (
            [Delivery ID] => 5da081c15341232d27c11f7b8918fe12
            [Date] => Dec 14, 2024 @ 9:14
            [URL] => https://connect.pabbly.com/workflow/sendwebhookdata/IjU3NjUwNTY4MDYzMDA0MzA1MjY5NTUzNTUxMzci_pc
            [Duration] => 1.09139
            [Request] => Array
                (
                    [Method] => POST
                    [Headers] => Array
                        (
                            [User-Agent] => WooCommerce/9.4.3 Hookshot (WordPress/6.7.1)
                            [Content-Type] => application/json
                            [X-WC-Webhook-Source] => https://colonelzsharpshooterz.com/
                            [X-WC-Webhook-Topic] => order.updated
                            [X-WC-Webhook-Resource] => order
                            [X-WC-Webhook-Event] => updated
                            [X-WC-Webhook-Signature] => dPce5qWA6cl5GL4Pc8gqH6S7+SSshMFen8B1NtxFoNk=
                            [X-WC-Webhook-ID] => 9
                            [X-WC-Webhook-Delivery-ID] => 5da081c15341232d27c11f7b8918fe12
                        )

                )

            [Body] => Webhook body is not logged unless WP_DEBUG mode is turned on. This is to avoid the storing of personal data in the logs.
            [Response] => Array
                (
                    [Code] => 200
                    [Message] => OK
                    [Headers] => WpOrg\Requests\Utility\CaseInsensitiveDictionary Object
                        (
                            [data:protected] => Array
                                (
                                    [date] => Sat, 14 Dec 2024 09:14:06 GMT
                                    [content-type] => text/html; charset=UTF-8
                                    [access-control-allow-origin] => *
                                    [access-control-allow-methods] => GET, POST, PUT, DELETE, OPTIONS
                                    [access-control-allow-headers] => Content-Type, Content-Length, Accept-Encoding, X-Requested-With
                                    [set-cookie] => ci_connect_pabbly_sesion=ccqoqr9l1t6smqio13mkvu3mrvgfiml3; expires=Sat, 14-Dec-2024 11:14:06 GMT; Max-Age=7200; path=/; secure; HttpOnly; SameSite=Lax
                                    [expires] => Thu, 19 Nov 1981 08:52:00 GMT
                                    [cache-control] => no-store, no-cache, must-revalidate
                                    [pragma] => no-cache
                                    [cf-cache-status] => DYNAMIC
                                    [report-to] => {"endpoints":[{"url":"https:\/\/a.nel.cloudflare.com\/report\/v4?s=iG%2F43pzpOtSEwOroiTEOJcux3KyYOASw31T%2F1fW9s3lQSl3n4aPpqPu0K%2BjxduiPpwaqiimk72fX%2FglEJkxBFdH2Xa7NiLhk%2F2nKqQ81%2F2wYqzk4Xcy4bq6y%2Fya1Y6Hf6VKpag%3D%3D"}],"group":"cf-nel","max_age":604800}
                                    [nel] => {"success_fraction":0,"report_to":"cf-nel","max_age":604800}
                                    [x-frame-options] => SAMEORIGIN
                                    [access-control-allow-credentials] => true
                                    [referrer-policy] => strict-origin
                                    [strict-transport-security] => max-age=31536000
                                    [x-content-type-options] => nosniff
                                    [x-permissions-policy] => clipboard-read=(self), clipboard-write=(self), filesystem=()
                                    [x-xss-protection] => 1; mode=block
                                    [server] => cloudflare
                                    [cf-ray] => 8f1d14e83f0449a8-SIN
                                    [content-encoding] => gzip
                                    [server-timing] => cfL4;desc="?proto=TCP&rtt=1029&min_rtt=970&rtt_var=406&sent=4&recv=10&lost=0&retrans=0&sent_bytes=2837&recv_bytes=6340&delivery_rate=2985567&cwnd=251&unsent_bytes=0&cid=b3256fdea695c956&ts=697&x=0"
                                )

                        )

                    [Body] => Webhook body is not logged unless WP_DEBUG mode is turned on. This is to avoid the storing of personal data in the logs.
                )

        )

)
2024-12-14T09:14:06+00:00 INFO Array
(
    [Webhook Delivery] => Array
        (
            [Delivery ID] => e60daf0f41afab844480c98f203077ae
            [Date] => Dec 14, 2024 @ 9:14
            [URL] => https://connect.pabbly.com/workflow/sendwebhookdata/IjU3NjUwNTY1MDYzNjA0MzE1MjZiNTUzMTUxMzUi_pc
            [Duration] => 0.32689
            [Request] => Array
                (
                    [Method] => POST
                    [Headers] => Array
                        (
                            [User-Agent] => WooCommerce/9.4.3 Hookshot (WordPress/6.7.1)
                            [Content-Type] => application/json
                            [X-WC-Webhook-Source] => https://colonelzsharpshooterz.com/
                            [X-WC-Webhook-Topic] => order.updated
                            [X-WC-Webhook-Resource] => order
                            [X-WC-Webhook-Event] => updated
                            [X-WC-Webhook-Signature] => RQQNafpk1h8IRFWs4UIi/XUPGdMhcsHgFMc8xn+BWog=
                            [X-WC-Webhook-ID] => 5
                            [X-WC-Webhook-Delivery-ID] => e60daf0f41afab844480c98f203077ae
                        )

                )

            [Body] => Webhook body is not logged unless WP_DEBUG mode is turned on. This is to avoid the storing of personal data in the logs.
            [Response] => Array
                (
                    [Code] => 200
                    [Message] => OK
                    [Headers] => WpOrg\Requests\Utility\CaseInsensitiveDictionary Object
                        (
                            [data:protected] => Array
                                (
                                    [date] => Sat, 14 Dec 2024 09:14:06 GMT
                                    [content-type] => text/html; charset=UTF-8
                                    [access-control-allow-origin] => *
                                    [access-control-allow-methods] => GET, POST, PUT, DELETE, OPTIONS
                                    [access-control-allow-headers] => Content-Type, Content-Length, Accept-Encoding, X-Requested-With
                                    [set-cookie] => ci_connect_pabbly_sesion=di6k508o3f5mtrs1edmnv42ejtl7vpng; expires=Sat, 14-Dec-2024 11:14:06 GMT; Max-Age=7200; path=/; secure; HttpOnly; SameSite=Lax
                                    [expires] => Thu, 19 Nov 1981 08:52:00 GMT
                                    [cache-control] => no-store, no-cache, must-revalidate
                                    [pragma] => no-cache
                                    [cf-cache-status] => DYNAMIC
                                    [report-to] => {"endpoints":[{"url":"https:\/\/a.nel.cloudflare.com\/report\/v4?s=CwmmGbb3HakPdY2UNUuIaR3TPt8AqE%2F%2FVbOoGsNj7jzYQW687Z6tPDtOTgij0tfuHssTukfhPFUjTt3JUksb8pps%2FC7axKZsvcyQVRiUdTszVtbvAcphRWEbpXb12wxfZqls4A%3D%3D"}],"group":"cf-nel","max_age":604800}
                                    [nel] => {"success_fraction":0,"report_to":"cf-nel","max_age":604800}
                                    [x-frame-options] => SAMEORIGIN
                                    [access-control-allow-credentials] => true
                                    [referrer-policy] => strict-origin
                                    [strict-transport-security] => max-age=31536000
                                    [x-content-type-options] => nosniff
                                    [x-permissions-policy] => clipboard-read=(self), clipboard-write=(self), filesystem=()
                                    [x-xss-protection] => 1; mode=block
                                    [server] => cloudflare
                                    [cf-ray] => 8f1d14eccf10fd83-SIN
                                    [content-encoding] => gzip
                                    [server-timing] => cfL4;desc="?proto=TCP&rtt=1219&min_rtt=1171&rtt_var=356&sent=5&recv=11&lost=0&retrans=0&sent_bytes=2837&recv_bytes=6340&delivery_rate=2366013&cwnd=32&unsent_bytes=0&cid=e224dee12ddc01ab&ts=304&x=0"
                                )

                        )

                    [Body] => Webhook body is not logged unless WP_DEBUG mode is turned on. This is to avoid the storing of personal data in the logs.
                )

        )

)
2024-12-14T09:21:06+00:00 INFO Array
(
    [Webhook Delivery] => Array
        (
            [Delivery ID] => 26a244bb85c99c74e310c391b59434d0
            [Date] => Dec 14, 2024 @ 9:21
            [URL] => https://connect.pabbly.com/workflow/sendwebhookdata/IjU3NjUwNTY4MDYzMDA0MzA1MjY5NTUzNTUxMzci_pc
            [Duration] => 1.20771
            [Request] => Array
                (
                    [Method] => POST
                    [Headers] => Array
                        (
                            [User-Agent] => WooCommerce/9.4.3 Hookshot (WordPress/6.7.1)
                            [Content-Type] => application/json
                            [X-WC-Webhook-Source] => https://colonelzsharpshooterz.com/
                            [X-WC-Webhook-Topic] => order.updated
                            [X-WC-Webhook-Resource] => order
                            [X-WC-Webhook-Event] => updated
                            [X-WC-Webhook-Signature] => jU1fz33KBW7ArICj0w9FvidhNM32BOdtNA2ORdDzJx0=
                            [X-WC-Webhook-ID] => 9
                            [X-WC-Webhook-Delivery-ID] => 26a244bb85c99c74e310c391b59434d0
                        )

                )

            [Body] => Webhook body is not logged unless WP_DEBUG mode is turned on. This is to avoid the storing of personal data in the logs.
            [Response] => Array
                (
                    [Code] => 200
                    [Message] => OK
                    [Headers] => WpOrg\Requests\Utility\CaseInsensitiveDictionary Object
                        (
                            [data:protected] => Array
                                (
                                    [date] => Sat, 14 Dec 2024 09:21:06 GMT
                                    [content-type] => text/html; charset=UTF-8
                                    [access-control-allow-origin] => *
                                    [access-control-allow-methods] => GET, POST, PUT, DELETE, OPTIONS
                                    [access-control-allow-headers] => Content-Type, Content-Length, Accept-Encoding, X-Requested-With
                                    [set-cookie] => ci_connect_pabbly_sesion=qm75mnqq5op7hh0v4oln0hfpoo9526h3; expires=Sat, 14-Dec-2024 11:21:05 GMT; Max-Age=7200; path=/; secure; HttpOnly; SameSite=Lax
                                    [expires] => Thu, 19 Nov 1981 08:52:00 GMT
                                    [cache-control] => no-store, no-cache, must-revalidate
                                    [pragma] => no-cache
                                    [cf-cache-status] => DYNAMIC
                                    [report-to] => {"endpoints":[{"url":"https:\/\/a.nel.cloudflare.com\/report\/v4?s=T1dStXXer553NCP3StfLlwDKBKHGHJC4o%2FTcycVuXc6mfrboVG4dN74%2BBWp3GijGHbB5Zj0c3JATtC7T4M98jzp3O9Eb%2BzA7mjFF95cRyvT3qFTkpmEDE1hXyLnmTrbq9n%2Fz1w%3D%3D"}],"group":"cf-nel","max_age":604800}
                                    [nel] => {"success_fraction":0,"report_to":"cf-nel","max_age":604800}
                                    [x-frame-options] => SAMEORIGIN
                                    [access-control-allow-credentials] => true
                                    [referrer-policy] => strict-origin
                                    [strict-transport-security] => max-age=31536000
                                    [x-content-type-options] => nosniff
                                    [x-permissions-policy] => clipboard-read=(self), clipboard-write=(self), filesystem=()
                                    [x-xss-protection] => 1; mode=block
                                    [server] => cloudflare
                                    [cf-ray] => 8f1d1f28688f3f9e-SIN
                                    [content-encoding] => gzip
                                    [server-timing] => cfL4;desc="?proto=TCP&rtt=1325&min_rtt=1228&rtt_var=424&sent=5&recv=11&lost=0&retrans=0&sent_bytes=2837&recv_bytes=7223&delivery_rate=2314948&cwnd=251&unsent_bytes=0&cid=aff423420289874d&ts=743&x=0"
                                )

                        )

                    [Body] => Webhook body is not logged unless WP_DEBUG mode is turned on. This is to avoid the storing of personal data in the logs.
                )

        )

)
2024-12-14T09:21:06+00:00 INFO Array
(
    [Webhook Delivery] => Array
        (
            [Delivery ID] => 295733c2e60818fd9fecc876015fd107
            [Date] => Dec 14, 2024 @ 9:21
            [URL] => https://connect.pabbly.com/workflow/sendwebhookdata/IjU3NjUwNTY1MDYzNjA0MzE1MjZiNTUzMTUxMzUi_pc
            [Duration] => 0.70804
            [Request] => Array
                (
                    [Method] => POST
                    [Headers] => Array
                        (
                            [User-Agent] => WooCommerce/9.4.3 Hookshot (WordPress/6.7.1)
                            [Content-Type] => application/json
                            [X-WC-Webhook-Source] => https://colonelzsharpshooterz.com/
                            [X-WC-Webhook-Topic] => order.updated
                            [X-WC-Webhook-Resource] => order
                            [X-WC-Webhook-Event] => updated
                            [X-WC-Webhook-Signature] => j9XMiuj3YS5b7oeTcdGLLn7O0QQePIFe26aBYWimi5o=
                            [X-WC-Webhook-ID] => 5
                            [X-WC-Webhook-Delivery-ID] => 295733c2e60818fd9fecc876015fd107
                        )

                )

            [Body] => Webhook body is not logged unless WP_DEBUG mode is turned on. This is to avoid the storing of personal data in the logs.
            [Response] => Array
                (
                    [Code] => 200
                    [Message] => OK
                    [Headers] => WpOrg\Requests\Utility\CaseInsensitiveDictionary Object
                        (
                            [data:protected] => Array
                                (
                                    [date] => Sat, 14 Dec 2024 09:21:06 GMT
                                    [content-type] => text/html; charset=UTF-8
                                    [access-control-allow-origin] => *
                                    [access-control-allow-methods] => GET, POST, PUT, DELETE, OPTIONS
                                    [access-control-allow-headers] => Content-Type, Content-Length, Accept-Encoding, X-Requested-With
                                    [set-cookie] => ci_connect_pabbly_sesion=j8qenq986sktgcrjvoqqedbb2idl4vu7; expires=Sat, 14-Dec-2024 11:21:06 GMT; Max-Age=7200; path=/; secure; HttpOnly; SameSite=Lax
                                    [expires] => Thu, 19 Nov 1981 08:52:00 GMT
                                    [cache-control] => no-store, no-cache, must-revalidate
                                    [pragma] => no-cache
                                    [cf-cache-status] => DYNAMIC
                                    [report-to] => {"endpoints":[{"url":"https:\/\/a.nel.cloudflare.com\/report\/v4?s=jRrjoPpj5BW3WiYAI6YLy6lbp7%2FsE2Hdo44C74WbDZSJ1zdvtu29t1RdUbCSpd4BL%2B3kELfRWYKdI9OmD7uhupQAHn7nJkx9IgZ9XLTFZkyzfUztWZqRHX3pB%2BLcQRyMbWMeSQ%3D%3D"}],"group":"cf-nel","max_age":604800}
                                    [nel] => {"success_fraction":0,"report_to":"cf-nel","max_age":604800}
                                    [x-frame-options] => SAMEORIGIN
                                    [access-control-allow-credentials] => true
                                    [referrer-policy] => strict-origin
                                    [strict-transport-security] => max-age=31536000
                                    [x-content-type-options] => nosniff
                                    [x-permissions-policy] => clipboard-read=(self), clipboard-write=(self), filesystem=()
                                    [x-xss-protection] => 1; mode=block
                                    [server] => cloudflare
                                    [cf-ray] => 8f1d1f2d4fe83f6f-SIN
                                    [content-encoding] => gzip
                                    [server-timing] => cfL4;desc="?proto=TCP&rtt=1394&min_rtt=1292&rtt_var=557&sent=5&recv=10&lost=0&retrans=0&sent_bytes=2838&recv_bytes=7223&delivery_rate=2241486&cwnd=252&unsent_bytes=0&cid=e7a122807101e4a5&ts=687&x=0"
                                )

                        )

                    [Body] => Webhook body is not logged unless WP_DEBUG mode is turned on. This is to avoid the storing of personal data in the logs.
                )

        )

)
2024-12-14T09:23:19+00:00 INFO Array
(
    [Webhook Delivery] => Array
        (
            [Delivery ID] => 2a7fb0b9cefbd7eb6a73e798a3f48cbf
            [Date] => Dec 14, 2024 @ 9:23
            [URL] => https://connect.pabbly.com/workflow/sendwebhookdata/IjU3NjUwNTY4MDYzMDA0MzA1MjY5NTUzNTUxMzci_pc
            [Duration] => 0.83265
            [Request] => Array
                (
                    [Method] => POST
                    [Headers] => Array
                        (
                            [User-Agent] => WooCommerce/9.4.3 Hookshot (WordPress/6.7.1)
                            [Content-Type] => application/json
                            [X-WC-Webhook-Source] => https://colonelzsharpshooterz.com/
                            [X-WC-Webhook-Topic] => order.updated
                            [X-WC-Webhook-Resource] => order
                            [X-WC-Webhook-Event] => updated
                            [X-WC-Webhook-Signature] => /Fnkjfbch5GL7F6SPRH22rXOdhSczhz1UlWWQrk9FMw=
                            [X-WC-Webhook-ID] => 9
                            [X-WC-Webhook-Delivery-ID] => 2a7fb0b9cefbd7eb6a73e798a3f48cbf
                        )

                )

            [Body] => Webhook body is not logged unless WP_DEBUG mode is turned on. This is to avoid the storing of personal data in the logs.
            [Response] => Array
                (
                    [Code] => 200
                    [Message] => OK
                    [Headers] => WpOrg\Requests\Utility\CaseInsensitiveDictionary Object
                        (
                            [data:protected] => Array
                                (
                                    [date] => Sat, 14 Dec 2024 09:23:19 GMT
                                    [content-type] => text/html; charset=UTF-8
                                    [access-control-allow-origin] => *
                                    [access-control-allow-methods] => GET, POST, PUT, DELETE, OPTIONS
                                    [access-control-allow-headers] => Content-Type, Content-Length, Accept-Encoding, X-Requested-With
                                    [set-cookie] => ci_connect_pabbly_sesion=gc3fkm0j3i8um49te8iman3bii6a5ukl; expires=Sat, 14-Dec-2024 11:23:19 GMT; Max-Age=7200; path=/; secure; HttpOnly; SameSite=Lax
                                    [expires] => Thu, 19 Nov 1981 08:52:00 GMT
                                    [cache-control] => no-store, no-cache, must-revalidate
                                    [pragma] => no-cache
                                    [cf-cache-status] => DYNAMIC
                                    [report-to] => {"endpoints":[{"url":"https:\/\/a.nel.cloudflare.com\/report\/v4?s=FVKnIgxkdxZ4acMKq%2BtlPlFQWf6jYOaNm5cMl8hDxKsnWME4opOVJ1qBxdYa5hWP1ZuSHMP8OhLPwJwJJEA7Spple7mQlSo28drxGqaLZT812YQAjyp5b7iifHDJ614lgo4byQ%3D%3D"}],"group":"cf-nel","max_age":604800}
                                    [nel] => {"success_fraction":0,"report_to":"cf-nel","max_age":604800}
                                    [x-frame-options] => SAMEORIGIN
                                    [access-control-allow-credentials] => true
                                    [referrer-policy] => strict-origin
                                    [strict-transport-security] => max-age=31536000
                                    [x-content-type-options] => nosniff
                                    [x-permissions-policy] => clipboard-read=(self), clipboard-write=(self), filesystem=()
                                    [x-xss-protection] => 1; mode=block
                                    [server] => cloudflare
                                    [cf-ray] => 8f1d226b2baffcee-SIN
                                    [content-encoding] => gzip
                                    [server-timing] => cfL4;desc="?proto=TCP&rtt=1380&min_rtt=1226&rtt_var=570&sent=6&recv=10&lost=0&retrans=0&sent_bytes=2837&recv_bytes=7296&delivery_rate=2362153&cwnd=32&unsent_bytes=0&cid=d3fc80a0c7073667&ts=697&x=0"
                                )

                        )

                    [Body] => Webhook body is not logged unless WP_DEBUG mode is turned on. This is to avoid the storing of personal data in the logs.
                )

        )

)
2024-12-14T09:23:20+00:00 INFO Array
(
    [Webhook Delivery] => Array
        (
            [Delivery ID] => 0d4880d24e4b788396b32d016d98733c
            [Date] => Dec 14, 2024 @ 9:23
            [URL] => https://connect.pabbly.com/workflow/sendwebhookdata/IjU3NjUwNTY1MDYzNjA0MzE1MjZiNTUzMTUxMzUi_pc
            [Duration] => 0.73235
            [Request] => Array
                (
                    [Method] => POST
                    [Headers] => Array
                        (
                            [User-Agent] => WooCommerce/9.4.3 Hookshot (WordPress/6.7.1)
                            [Content-Type] => application/json
                            [X-WC-Webhook-Source] => https://colonelzsharpshooterz.com/
                            [X-WC-Webhook-Topic] => order.updated
                            [X-WC-Webhook-Resource] => order
                            [X-WC-Webhook-Event] => updated
                            [X-WC-Webhook-Signature] => TbJYSmxlorUdVLMAgeXbDYGMBNKO8Suar7Shn34OXqU=
                            [X-WC-Webhook-ID] => 5
                            [X-WC-Webhook-Delivery-ID] => 0d4880d24e4b788396b32d016d98733c
                        )

                )

            [Body] => Webhook body is not logged unless WP_DEBUG mode is turned on. This is to avoid the storing of personal data in the logs.
            [Response] => Array
                (
                    [Code] => 200
                    [Message] => OK
                    [Headers] => WpOrg\Requests\Utility\CaseInsensitiveDictionary Object
                        (
                            [data:protected] => Array
                                (
                                    [date] => Sat, 14 Dec 2024 09:23:20 GMT
                                    [content-type] => text/html; charset=UTF-8
                                    [access-control-allow-origin] => *
                                    [access-control-allow-methods] => GET, POST, PUT, DELETE, OPTIONS
                                    [access-control-allow-headers] => Content-Type, Content-Length, Accept-Encoding, X-Requested-With
                                    [set-cookie] => ci_connect_pabbly_sesion=16bvac4vmjgbiehiefk4j2do20bfb74p; expires=Sat, 14-Dec-2024 11:23:20 GMT; Max-Age=7200; path=/; secure; HttpOnly; SameSite=Lax
                                    [expires] => Thu, 19 Nov 1981 08:52:00 GMT
                                    [cache-control] => no-store, no-cache, must-revalidate
                                    [pragma] => no-cache
                                    [cf-cache-status] => DYNAMIC
                                    [report-to] => {"endpoints":[{"url":"https:\/\/a.nel.cloudflare.com\/report\/v4?s=v0GUvo%2BmHrDsG1tZtGwKFrSEMdoKG%2Fs19FTRgbv%2FBoGbWtzCV1imTjvat1feFjBUb935f170YnsEIS3Rs12F5QA3yIbiDgulzLi7W0BHCUJXJ3GSfgsN3PmKtpYDFNQJhi97Yg%3D%3D"}],"group":"cf-nel","max_age":604800}
                                    [nel] => {"success_fraction":0,"report_to":"cf-nel","max_age":604800}
                                    [x-frame-options] => SAMEORIGIN
                                    [access-control-allow-credentials] => true
                                    [referrer-policy] => strict-origin
                                    [strict-transport-security] => max-age=31536000
                                    [x-content-type-options] => nosniff
                                    [x-permissions-policy] => clipboard-read=(self), clipboard-write=(self), filesystem=()
                                    [x-xss-protection] => 1; mode=block
                                    [server] => cloudflare
                                    [cf-ray] => 8f1d226fbdea3d37-SIN
                                    [content-encoding] => gzip
                                    [server-timing] => cfL4;desc="?proto=TCP&rtt=1328&min_rtt=1198&rtt_var=439&sent=5&recv=11&lost=0&retrans=0&sent_bytes=2837&recv_bytes=7296&delivery_rate=2337368&cwnd=251&unsent_bytes=0&cid=67125317a6f18825&ts=710&x=0"
                                )

                        )

                    [Body] => Webhook body is not logged unless WP_DEBUG mode is turned on. This is to avoid the storing of personal data in the logs.
                )

        )

)
2024-12-14T09:36:14+00:00 INFO Array
(
    [Webhook Delivery] => Array
        (
            [Delivery ID] => 65c69654a65a0569ec4c8609fae26d46
            [Date] => Dec 14, 2024 @ 9:36
            [URL] => https://connect.pabbly.com/workflow/sendwebhookdata/IjU3NjUwNTY4MDYzMDA0MzA1MjY5NTUzNTUxMzci_pc
            [Duration] => 0.82122
            [Request] => Array
                (
                    [Method] => POST
                    [Headers] => Array
                        (
                            [User-Agent] => WooCommerce/9.4.3 Hookshot (WordPress/6.7.1)
                            [Content-Type] => application/json
                            [X-WC-Webhook-Source] => https://colonelzsharpshooterz.com/
                            [X-WC-Webhook-Topic] => order.updated
                            [X-WC-Webhook-Resource] => order
                            [X-WC-Webhook-Event] => updated
                            [X-WC-Webhook-Signature] => 9gt7HCrPbH3kwdKfOHpnGBiMRTIXre2bjHI55MvZqiM=
                            [X-WC-Webhook-ID] => 9
                            [X-WC-Webhook-Delivery-ID] => 65c69654a65a0569ec4c8609fae26d46
                        )

                )

            [Body] => Webhook body is not logged unless WP_DEBUG mode is turned on. This is to avoid the storing of personal data in the logs.
            [Response] => Array
                (
                    [Code] => 200
                    [Message] => OK
                    [Headers] => WpOrg\Requests\Utility\CaseInsensitiveDictionary Object
                        (
                            [data:protected] => Array
                                (
                                    [date] => Sat, 14 Dec 2024 09:36:14 GMT
                                    [content-type] => text/html; charset=UTF-8
                                    [access-control-allow-origin] => *
                                    [access-control-allow-methods] => GET, POST, PUT, DELETE, OPTIONS
                                    [access-control-allow-headers] => Content-Type, Content-Length, Accept-Encoding, X-Requested-With
                                    [set-cookie] => ci_connect_pabbly_sesion=iegm1f6pppueougnl30qnsv6pbdl9rlj; expires=Sat, 14-Dec-2024 11:36:14 GMT; Max-Age=7200; path=/; secure; HttpOnly; SameSite=Lax
                                    [expires] => Thu, 19 Nov 1981 08:52:00 GMT
                                    [cache-control] => no-store, no-cache, must-revalidate
                                    [pragma] => no-cache
                                    [cf-cache-status] => DYNAMIC
                                    [report-to] => {"endpoints":[{"url":"https:\/\/a.nel.cloudflare.com\/report\/v4?s=mtml9rOcjXQ4br3GwbihIiOK4YBvpqfTbM1Z1ptDqgPdZkiv6vfSwzRMamXTKf0Ww3SwgYVGBCulfxd9jlw4bqmPt%2Fk73W%2Fs7f03vOSZIn8MTlvduJ2XU9t7CqEIVoydt0CCYA%3D%3D"}],"group":"cf-nel","max_age":604800}
                                    [nel] => {"success_fraction":0,"report_to":"cf-nel","max_age":604800}
                                    [x-frame-options] => SAMEORIGIN
                                    [access-control-allow-credentials] => true
                                    [referrer-policy] => strict-origin
                                    [strict-transport-security] => max-age=31536000
                                    [x-content-type-options] => nosniff
                                    [x-permissions-policy] => clipboard-read=(self), clipboard-write=(self), filesystem=()
                                    [x-xss-protection] => 1; mode=block
                                    [server] => cloudflare
                                    [cf-ray] => 8f1d3555ae5640d6-SIN
                                    [content-encoding] => gzip
                                    [server-timing] => cfL4;desc="?proto=TCP&rtt=1274&min_rtt=1164&rtt_var=414&sent=5&recv=11&lost=0&retrans=0&sent_bytes=2838&recv_bytes=7300&delivery_rate=2417362&cwnd=252&unsent_bytes=0&cid=9da4f1298ab1ba5a&ts=678&x=0"
                                )

                        )

                    [Body] => Webhook body is not logged unless WP_DEBUG mode is turned on. This is to avoid the storing of personal data in the logs.
                )

        )

)
2024-12-14T09:36:14+00:00 INFO Array
(
    [Webhook Delivery] => Array
        (
            [Delivery ID] => 1369e959c4dcf9d89e9a37eb80fc4d12
            [Date] => Dec 14, 2024 @ 9:36
            [URL] => https://connect.pabbly.com/workflow/sendwebhookdata/IjU3NjUwNTY1MDYzNjA0MzE1MjZiNTUzMTUxMzUi_pc
            [Duration] => 0.2924
            [Request] => Array
                (
                    [Method] => POST
                    [Headers] => Array
                        (
                            [User-Agent] => WooCommerce/9.4.3 Hookshot (WordPress/6.7.1)
                            [Content-Type] => application/json
                            [X-WC-Webhook-Source] => https://colonelzsharpshooterz.com/
                            [X-WC-Webhook-Topic] => order.updated
                            [X-WC-Webhook-Resource] => order
                            [X-WC-Webhook-Event] => updated
                            [X-WC-Webhook-Signature] => N3VnADwinV643QpDUKzxEfdCdnXcWovbQIMglwGN6r0=
                            [X-WC-Webhook-ID] => 5
                            [X-WC-Webhook-Delivery-ID] => 1369e959c4dcf9d89e9a37eb80fc4d12
                        )

                )

            [Body] => Webhook body is not logged unless WP_DEBUG mode is turned on. This is to avoid the storing of personal data in the logs.
            [Response] => Array
                (
                    [Code] => 200
                    [Message] => OK
                    [Headers] => WpOrg\Requests\Utility\CaseInsensitiveDictionary Object
                        (
                            [data:protected] => Array
                                (
                                    [date] => Sat, 14 Dec 2024 09:36:14 GMT
                                    [content-type] => text/html; charset=UTF-8
                                    [access-control-allow-origin] => *
                                    [access-control-allow-methods] => GET, POST, PUT, DELETE, OPTIONS
                                    [access-control-allow-headers] => Content-Type, Content-Length, Accept-Encoding, X-Requested-With
                                    [set-cookie] => ci_connect_pabbly_sesion=d0r23q7miause9ime9pji1ach8m0fltk; expires=Sat, 14-Dec-2024 11:36:14 GMT; Max-Age=7200; path=/; secure; HttpOnly; SameSite=Lax
                                    [expires] => Thu, 19 Nov 1981 08:52:00 GMT
                                    [cache-control] => no-store, no-cache, must-revalidate
                                    [pragma] => no-cache
                                    [cf-cache-status] => DYNAMIC
                                    [report-to] => {"endpoints":[{"url":"https:\/\/a.nel.cloudflare.com\/report\/v4?s=xM%2FXMFaRud8k40x6SlCeLZqZKR%2BjQf5fbBkcwLVS346uQWBxr4PT6mpzOL4DRrqPhGGkzw%2BjHwALbvGQXpCMEimCxFsybMfFGNEIbRQJiH5jHjLnDQ9Rg5PIIi6bXA8fd53tPQ%3D%3D"}],"group":"cf-nel","max_age":604800}
                                    [nel] => {"success_fraction":0,"report_to":"cf-nel","max_age":604800}
                                    [x-frame-options] => SAMEORIGIN
                                    [access-control-allow-credentials] => true
                                    [referrer-policy] => strict-origin
                                    [strict-transport-security] => max-age=31536000
                                    [x-content-type-options] => nosniff
                                    [x-permissions-policy] => clipboard-read=(self), clipboard-write=(self), filesystem=()
                                    [x-xss-protection] => 1; mode=block
                                    [server] => cloudflare
                                    [cf-ray] => 8f1d355a1ff7ce61-SIN
                                    [content-encoding] => gzip
                                    [server-timing] => cfL4;desc="?proto=TCP&rtt=1229&min_rtt=1161&rtt_var=444&sent=5&recv=11&lost=0&retrans=0&sent_bytes=2837&recv_bytes=7300&delivery_rate=1991746&cwnd=245&unsent_bytes=0&cid=a92730af63f697df&ts=274&x=0"
                                )

                        )

                    [Body] => Webhook body is not logged unless WP_DEBUG mode is turned on. This is to avoid the storing of personal data in the logs.
                )

        )

)
2024-12-14T09:37:06+00:00 INFO Array
(
    [Webhook Delivery] => Array
        (
            [Delivery ID] => df9c8572de8e5a15644a86ab304d3bb5
            [Date] => Dec 14, 2024 @ 9:37
            [URL] => https://connect.pabbly.com/workflow/sendwebhookdata/IjU3NjUwNTY4MDYzMDA0MzA1MjY5NTUzNTUxMzci_pc
            [Duration] => 1.2601
            [Request] => Array
                (
                    [Method] => POST
                    [Headers] => Array
                        (
                            [User-Agent] => WooCommerce/9.4.3 Hookshot (WordPress/6.7.1)
                            [Content-Type] => application/json
                            [X-WC-Webhook-Source] => https://colonelzsharpshooterz.com/
                            [X-WC-Webhook-Topic] => order.updated
                            [X-WC-Webhook-Resource] => order
                            [X-WC-Webhook-Event] => updated
                            [X-WC-Webhook-Signature] => cGrLReQHEQs43LofrJ+gZWXnnT4vNo8+jC2SuhdISlE=
                            [X-WC-Webhook-ID] => 9
                            [X-WC-Webhook-Delivery-ID] => df9c8572de8e5a15644a86ab304d3bb5
                        )

                )

            [Body] => Webhook body is not logged unless WP_DEBUG mode is turned on. This is to avoid the storing of personal data in the logs.
            [Response] => Array
                (
                    [Code] => 200
                    [Message] => OK
                    [Headers] => WpOrg\Requests\Utility\CaseInsensitiveDictionary Object
                        (
                            [data:protected] => Array
                                (
                                    [date] => Sat, 14 Dec 2024 09:37:06 GMT
                                    [content-type] => text/html; charset=UTF-8
                                    [access-control-allow-origin] => *
                                    [access-control-allow-methods] => GET, POST, PUT, DELETE, OPTIONS
                                    [access-control-allow-headers] => Content-Type, Content-Length, Accept-Encoding, X-Requested-With
                                    [set-cookie] => ci_connect_pabbly_sesion=3r9k9lf91ne8lfv2kunke792rqml072e; expires=Sat, 14-Dec-2024 11:37:06 GMT; Max-Age=7200; path=/; secure; HttpOnly; SameSite=Lax
                                    [expires] => Thu, 19 Nov 1981 08:52:00 GMT
                                    [cache-control] => no-store, no-cache, must-revalidate
                                    [pragma] => no-cache
                                    [cf-cache-status] => DYNAMIC
                                    [report-to] => {"endpoints":[{"url":"https:\/\/a.nel.cloudflare.com\/report\/v4?s=MNv5k38XiKrQiK147Jejfg7IwKtfRhjXgnaunwFieId4juJwU1B4G0VEr%2BoFKHG%2FZItVKVTdhpaFbui9rfayIJ6ipUpMJrQL3cHtemKPCQMZZWJAKu6uv9Fi1ZA%2BPd7A4phpwg%3D%3D"}],"group":"cf-nel","max_age":604800}
                                    [nel] => {"success_fraction":0,"report_to":"cf-nel","max_age":604800}
                                    [x-frame-options] => SAMEORIGIN
                                    [access-control-allow-credentials] => true
                                    [referrer-policy] => strict-origin
                                    [strict-transport-security] => max-age=31536000
                                    [x-content-type-options] => nosniff
                                    [x-permissions-policy] => clipboard-read=(self), clipboard-write=(self), filesystem=()
                                    [x-xss-protection] => 1; mode=block
                                    [server] => cloudflare
                                    [cf-ray] => 8f1d369ace9f9d23-SIN
                                    [content-encoding] => gzip
                                    [server-timing] => cfL4;desc="?proto=TCP&rtt=1124&min_rtt=1123&rtt_var=423&sent=5&recv=8&lost=0&retrans=0&sent_bytes=2836&recv_bytes=4578&delivery_rate=2558303&cwnd=251&unsent_bytes=0&cid=e8d5b41a47515fcf&ts=883&x=0"
                                )

                        )

                    [Body] => Webhook body is not logged unless WP_DEBUG mode is turned on. This is to avoid the storing of personal data in the logs.
                )

        )

)
2024-12-14T09:37:07+00:00 INFO Array
(
    [Webhook Delivery] => Array
        (
            [Delivery ID] => 152941395ab104ca72fe04dc8600b961
            [Date] => Dec 14, 2024 @ 9:37
            [URL] => https://connect.pabbly.com/workflow/sendwebhookdata/IjU3NjUwNTY1MDYzNjA0MzE1MjZiNTUzMTUxMzUi_pc
            [Duration] => 0.74384
            [Request] => Array
                (
                    [Method] => POST
                    [Headers] => Array
                        (
                            [User-Agent] => WooCommerce/9.4.3 Hookshot (WordPress/6.7.1)
                            [Content-Type] => application/json
                            [X-WC-Webhook-Source] => https://colonelzsharpshooterz.com/
                            [X-WC-Webhook-Topic] => order.updated
                            [X-WC-Webhook-Resource] => order
                            [X-WC-Webhook-Event] => updated
                            [X-WC-Webhook-Signature] => qS3poXXsDpt0z/TkScT1XNj9mReMnhEFv/Pd4OYHEIQ=
                            [X-WC-Webhook-ID] => 5
                            [X-WC-Webhook-Delivery-ID] => 152941395ab104ca72fe04dc8600b961
                        )

                )

            [Body] => Webhook body is not logged unless WP_DEBUG mode is turned on. This is to avoid the storing of personal data in the logs.
            [Response] => Array
                (
                    [Code] => 200
                    [Message] => OK
                    [Headers] => WpOrg\Requests\Utility\CaseInsensitiveDictionary Object
                        (
                            [data:protected] => Array
                                (
                                    [date] => Sat, 14 Dec 2024 09:37:07 GMT
                                    [content-type] => text/html; charset=UTF-8
                                    [access-control-allow-origin] => *
                                    [access-control-allow-methods] => GET, POST, PUT, DELETE, OPTIONS
                                    [access-control-allow-headers] => Content-Type, Content-Length, Accept-Encoding, X-Requested-With
                                    [set-cookie] => ci_connect_pabbly_sesion=uiuslk34q3cu6ge7r3nh4hrgpe04qclc; expires=Sat, 14-Dec-2024 11:37:07 GMT; Max-Age=7200; path=/; secure; HttpOnly; SameSite=Lax
                                    [expires] => Thu, 19 Nov 1981 08:52:00 GMT
                                    [cache-control] => no-store, no-cache, must-revalidate
                                    [pragma] => no-cache
                                    [cf-cache-status] => DYNAMIC
                                    [report-to] => {"endpoints":[{"url":"https:\/\/a.nel.cloudflare.com\/report\/v4?s=IHjADwyGzogqaAvdpKCIyB2jv5S5eHKVU2JWNrZ1%2FQ57imPpb%2FqvN%2FaSiZuK%2BOVymtT0K75FDcNwHX5gGGOujwNtcK1aL%2FLPPY0dLnFPFURn4B4tkLQgvQTuMqU2T%2BVucFz8BQ%3D%3D"}],"group":"cf-nel","max_age":604800}
                                    [nel] => {"success_fraction":0,"report_to":"cf-nel","max_age":604800}
                                    [x-frame-options] => SAMEORIGIN
                                    [access-control-allow-credentials] => true
                                    [referrer-policy] => strict-origin
                                    [strict-transport-security] => max-age=31536000
                                    [x-content-type-options] => nosniff
                                    [x-permissions-policy] => clipboard-read=(self), clipboard-write=(self), filesystem=()
                                    [x-xss-protection] => 1; mode=block
                                    [server] => cloudflare
                                    [cf-ray] => 8f1d36a09d3140a6-SIN
                                    [content-encoding] => gzip
                                    [server-timing] => cfL4;desc="?proto=TCP&rtt=1291&min_rtt=1214&rtt_var=511&sent=5&recv=8&lost=0&retrans=0&sent_bytes=2836&recv_bytes=4578&delivery_rate=2385502&cwnd=251&unsent_bytes=0&cid=66a6b8dfcaa4fe78&ts=721&x=0"
                                )

                        )

                    [Body] => Webhook body is not logged unless WP_DEBUG mode is turned on. This is to avoid the storing of personal data in the logs.
                )

        )

)
