2024-12-07T07:31:47+00:00 INFO Array
(
    [Webhook Delivery] => Array
        (
            [Delivery ID] => 499aa7326f17f0bcbf5270843efa4073
            [Date] => Dec 7, 2024 @ 7:31
            [URL] => https://connect.pabbly.com/workflow/sendwebhookdata/IjU3NjYwNTZmMDYzNzA0M2M1MjY4NTUzMjUxM2Ii_pc
            [Duration] => 1.09752
            [Request] => Array
                (
                    [Method] => POST
                    [Headers] => Array
                        (
                            [User-Agent] => WooCommerce/9.4.3 Hookshot (WordPress/6.7.1)
                            [Content-Type] => application/json
                            [X-WC-Webhook-Source] => https://colonelzsharpshooterz.com/
                            [X-WC-Webhook-Topic] => product.created
                            [X-WC-Webhook-Resource] => product
                            [X-WC-Webhook-Event] => created
                            [X-WC-Webhook-Signature] => fMhFlkQT63DmM3f/8izDvXiZ4AlicTMS7SKr9V+T6vg=
                            [X-WC-Webhook-ID] => 17
                            [X-WC-Webhook-Delivery-ID] => 499aa7326f17f0bcbf5270843efa4073
                        )

                )

            [Body] => Webhook body is not logged unless WP_DEBUG mode is turned on. This is to avoid the storing of personal data in the logs.
            [Response] => Array
                (
                    [Code] => 200
                    [Message] => OK
                    [Headers] => WpOrg\Requests\Utility\CaseInsensitiveDictionary Object
                        (
                            [data:protected] => Array
                                (
                                    [date] => Sat, 07 Dec 2024 07:31:47 GMT
                                    [content-type] => text/html; charset=UTF-8
                                    [access-control-allow-origin] => *
                                    [access-control-allow-methods] => GET, POST, PUT, DELETE, OPTIONS
                                    [access-control-allow-headers] => Content-Type, Content-Length, Accept-Encoding, X-Requested-With
                                    [set-cookie] => ci_connect_pabbly_sesion=h0gi4cevfio0l6r913ce5v1imt2b0mu4; expires=Sat, 07-Dec-2024 09:31:47 GMT; Max-Age=7200; path=/; secure; HttpOnly; SameSite=Lax
                                    [expires] => Thu, 19 Nov 1981 08:52:00 GMT
                                    [cache-control] => no-store, no-cache, must-revalidate
                                    [pragma] => no-cache
                                    [cf-cache-status] => DYNAMIC
                                    [vary] => accept-encoding
                                    [report-to] => {"endpoints":[{"url":"https:\/\/a.nel.cloudflare.com\/report\/v4?s=EvUYvABgtwr6ze4TCF8h6mdm5Fnn2Lqs4HDQ8NuNhv9I05FuOvpKFlTwxroc10NjH4WRDrsCW8do7m0ua0e44mJW477QXPkgu0C%2BqFTRdPRCMnQ5mAG50VXFfu8ReyiD7GSqFg%3D%3D"}],"group":"cf-nel","max_age":604800}
                                    [nel] => {"success_fraction":0,"report_to":"cf-nel","max_age":604800}
                                    [x-frame-options] => SAMEORIGIN
                                    [access-control-allow-credentials] => true
                                    [referrer-policy] => strict-origin
                                    [strict-transport-security] => max-age=31536000
                                    [x-content-type-options] => nosniff
                                    [x-permissions-policy] => clipboard-read=(self), clipboard-write=(self), filesystem=()
                                    [x-xss-protection] => 1; mode=block
                                    [server] => cloudflare
                                    [cf-ray] => 8ee2d1698ba86590-SIN
                                    [content-encoding] => gzip
                                    [server-timing] => cfL4;desc="?proto=TCP&rtt=1276&min_rtt=1145&rtt_var=421&sent=5&recv=13&lost=0&retrans=0&sent_bytes=2838&recv_bytes=10191&delivery_rate=2421404&cwnd=251&unsent_bytes=0&cid=4e5f1ee929c56e6c&ts=698&x=0"
                                )

                        )

                    [Body] => Webhook body is not logged unless WP_DEBUG mode is turned on. This is to avoid the storing of personal data in the logs.
                )

        )

)
