2024-11-26T15:55:07+00:00 INFO Array
(
    [Webhook Delivery] => Array
        (
            [Delivery ID] => 4181641b4918c1491e03feaee7a32b15
            [Date] => Nov 26, 2024 @ 15:55
            [URL] => https://connect.pabbly.com/workflow/sendwebhookdata/IjU3NjUwNTY1MDYzMTA0M2M1MjY5NTUzMzUxMzAi_pc
            [Duration] => 1.35468
            [Request] => Array
                (
                    [Method] => POST
                    [Headers] => Array
                        (
                            [User-Agent] => WooCommerce/9.4.2 Hookshot (WordPress/6.7.1)
                            [Content-Type] => application/json
                            [X-WC-Webhook-Source] => https://colonelzsharpshooterz.com/
                            [X-WC-Webhook-Topic] => customer.created
                            [X-WC-Webhook-Resource] => customer
                            [X-WC-Webhook-Event] => created
                            [X-WC-Webhook-Signature] => Un7gL/d8wvDufx323EK1FSdpA6HFJ1/pwCpplwOAtQE=
                            [X-WC-Webhook-ID] => 8
                            [X-WC-Webhook-Delivery-ID] => 4181641b4918c1491e03feaee7a32b15
                        )

                )

            [Body] => Webhook body is not logged unless WP_DEBUG mode is turned on. This is to avoid the storing of personal data in the logs.
            [Response] => Array
                (
                    [Code] => 200
                    [Message] => OK
                    [Headers] => WpOrg\Requests\Utility\CaseInsensitiveDictionary Object
                        (
                            [data:protected] => Array
                                (
                                    [date] => Tue, 26 Nov 2024 15:55:07 GMT
                                    [content-type] => text/html; charset=UTF-8
                                    [access-control-allow-origin] => *
                                    [access-control-allow-methods] => GET, POST, PUT, DELETE, OPTIONS
                                    [access-control-allow-headers] => Content-Type, Content-Length, Accept-Encoding, X-Requested-With
                                    [set-cookie] => ci_connect_pabbly_sesion=mkak0nuesgrts8bn2rja1lf0a9b462pe; expires=Tue, 26-Nov-2024 17:55:07 GMT; Max-Age=7200; path=/; secure; HttpOnly; SameSite=Lax
                                    [expires] => Thu, 19 Nov 1981 08:52:00 GMT
                                    [cache-control] => no-store, no-cache, must-revalidate
                                    [pragma] => no-cache
                                    [cf-cache-status] => DYNAMIC
                                    [vary] => accept-encoding
                                    [report-to] => {"endpoints":[{"url":"https:\/\/a.nel.cloudflare.com\/report\/v4?s=wexDoo8u3oZozyLeca5dKnGC5O7q1oIlUO%2BvzokTUKWJexzvibuhtfJOJjzERQBO0C7iU7hGE7yvEbW1PqRDfSfyUroi83bLoUnbKH6hEnZ4UHDrZHYztYngSOSKZFrtlMWcCQ%3D%3D"}],"group":"cf-nel","max_age":604800}
                                    [nel] => {"success_fraction":0,"report_to":"cf-nel","max_age":604800}
                                    [x-frame-options] => SAMEORIGIN
                                    [access-control-allow-credentials] => true
                                    [referrer-policy] => strict-origin
                                    [strict-transport-security] => max-age=31536000
                                    [x-content-type-options] => nosniff
                                    [x-permissions-policy] => clipboard-read=(self), clipboard-write=(self), filesystem=()
                                    [x-xss-protection] => 1; mode=block
                                    [server] => cloudflare
                                    [cf-ray] => 8e8b0f998d1840fc-SIN
                                    [content-encoding] => gzip
                                    [server-timing] => cfL4;desc="?proto=TCP&rtt=1422&sent=4&recv=8&lost=0&retrans=0&sent_bytes=2837&recv_bytes=3049&delivery_rate=1910290&cwnd=251&unsent_bytes=0&cid=3e1cc019cf358df6&ts=752&x=0"
                                )

                        )

                    [Body] => Webhook body is not logged unless WP_DEBUG mode is turned on. This is to avoid the storing of personal data in the logs.
                )

        )

)
