2024-11-24T14:42:49+00:00 INFO Array
(
    [Webhook Delivery] => Array
        (
            [Delivery ID] => c7750f9083392c3dd45182d075559400
            [Date] => Nov 24, 2024 @ 14:42
            [URL] => https://connect.pabbly.com/workflow/sendwebhookdata/IjU3NjUwNTY1MDYzMTA0M2M1MjY5NTUzMzUxMzAi_pc
            [Duration] => 0.84574
            [Request] => Array
                (
                    [Method] => POST
                    [Headers] => Array
                        (
                            [User-Agent] => WooCommerce/9.4.2 Hookshot (WordPress/6.7.1)
                            [Content-Type] => application/json
                            [X-WC-Webhook-Source] => https://colonelzsharpshooterz.com/
                            [X-WC-Webhook-Topic] => customer.created
                            [X-WC-Webhook-Resource] => customer
                            [X-WC-Webhook-Event] => created
                            [X-WC-Webhook-Signature] => b2+y+mIwJxueGulT304c7yb5TcDRBw53wsSRQVE0dSg=
                            [X-WC-Webhook-ID] => 8
                            [X-WC-Webhook-Delivery-ID] => c7750f9083392c3dd45182d075559400
                        )

                )

            [Body] => Webhook body is not logged unless WP_DEBUG mode is turned on. This is to avoid the storing of personal data in the logs.
            [Response] => Array
                (
                    [Code] => 200
                    [Message] => OK
                    [Headers] => WpOrg\Requests\Utility\CaseInsensitiveDictionary Object
                        (
                            [data:protected] => Array
                                (
                                    [date] => Sun, 24 Nov 2024 14:42:49 GMT
                                    [content-type] => text/html; charset=UTF-8
                                    [access-control-allow-origin] => *
                                    [access-control-allow-methods] => GET, POST, PUT, DELETE, OPTIONS
                                    [access-control-allow-headers] => Content-Type, Content-Length, Accept-Encoding, X-Requested-With
                                    [set-cookie] => ci_connect_pabbly_sesion=tt664s0e0oi5svas4uktiqkh6mokafb5; expires=Sun, 24-Nov-2024 16:42:49 GMT; Max-Age=7200; path=/; secure; HttpOnly; SameSite=Lax
                                    [expires] => Thu, 19 Nov 1981 08:52:00 GMT
                                    [cache-control] => no-store, no-cache, must-revalidate
                                    [pragma] => no-cache
                                    [cf-cache-status] => DYNAMIC
                                    [vary] => accept-encoding
                                    [report-to] => {"endpoints":[{"url":"https:\/\/a.nel.cloudflare.com\/report\/v4?s=JozZjaZXJzIvi64Vum%2Bv%2BuPjh%2F0vkmhGQuqgAbiX44lnqMS2zjKdz5ECNugVz5IpJWq2T2DZSuviCNKVVLb24iN8ydJ5UNz%2FR7jL0nBEjjPO6E3JOHFpJoIfotB6WFNhHDJfGg%3D%3D"}],"group":"cf-nel","max_age":604800}
                                    [nel] => {"success_fraction":0,"report_to":"cf-nel","max_age":604800}
                                    [x-frame-options] => SAMEORIGIN
                                    [access-control-allow-credentials] => true
                                    [referrer-policy] => strict-origin
                                    [strict-transport-security] => max-age=31536000
                                    [x-content-type-options] => nosniff
                                    [x-permissions-policy] => clipboard-read=(self), clipboard-write=(self), filesystem=()
                                    [x-xss-protection] => 1; mode=block
                                    [server] => cloudflare
                                    [cf-ray] => 8e7a2af20f8d5f46-SIN
                                    [content-encoding] => gzip
                                    [server-timing] => cfL4;desc="?proto=TCP&rtt=1224&sent=4&recv=7&lost=0&retrans=0&sent_bytes=2837&recv_bytes=3361&delivery_rate=2503025&cwnd=251&unsent_bytes=0&cid=4f5bb0defeb43ac7&ts=701&x=0"
                                )

                        )

                    [Body] => Webhook body is not logged unless WP_DEBUG mode is turned on. This is to avoid the storing of personal data in the logs.
                )

        )

)
2024-11-24T15:36:12+00:00 INFO Array
(
    [Webhook Delivery] => Array
        (
            [Delivery ID] => 2e918cd24d1a457d91c388fe9ca86cb5
            [Date] => Nov 24, 2024 @ 15:36
            [URL] => https://connect.pabbly.com/workflow/sendwebhookdata/IjU3NjUwNTY0MDYzNzA0MzU1MjZiNTUzZDUxMzci_pc
            [Duration] => 1.06847
            [Request] => Array
                (
                    [Method] => POST
                    [Headers] => Array
                        (
                            [User-Agent] => WooCommerce/9.4.2 Hookshot (WordPress/6.7.1)
                            [Content-Type] => application/json
                            [X-WC-Webhook-Source] => https://colonelzsharpshooterz.com/
                            [X-WC-Webhook-Topic] => order.created
                            [X-WC-Webhook-Resource] => order
                            [X-WC-Webhook-Event] => created
                            [X-WC-Webhook-Signature] => QH7G386UgvVH/BtjqStcdz+kOAtt6RYbh8tT/xXPLTo=
                            [X-WC-Webhook-ID] => 12
                            [X-WC-Webhook-Delivery-ID] => 2e918cd24d1a457d91c388fe9ca86cb5
                        )

                )

            [Body] => Webhook body is not logged unless WP_DEBUG mode is turned on. This is to avoid the storing of personal data in the logs.
            [Response] => Array
                (
                    [Code] => 200
                    [Message] => OK
                    [Headers] => WpOrg\Requests\Utility\CaseInsensitiveDictionary Object
                        (
                            [data:protected] => Array
                                (
                                    [date] => Sun, 24 Nov 2024 15:36:12 GMT
                                    [content-type] => text/html; charset=UTF-8
                                    [access-control-allow-origin] => *
                                    [access-control-allow-methods] => GET, POST, PUT, DELETE, OPTIONS
                                    [access-control-allow-headers] => Content-Type, Content-Length, Accept-Encoding, X-Requested-With
                                    [set-cookie] => ci_connect_pabbly_sesion=u0t5lh6p67pef3ilm82o1ms5g1lfn1fa; expires=Sun, 24-Nov-2024 17:36:12 GMT; Max-Age=7200; path=/; secure; HttpOnly; SameSite=Lax
                                    [expires] => Thu, 19 Nov 1981 08:52:00 GMT
                                    [cache-control] => no-store, no-cache, must-revalidate
                                    [pragma] => no-cache
                                    [cf-cache-status] => DYNAMIC
                                    [vary] => accept-encoding
                                    [report-to] => {"endpoints":[{"url":"https:\/\/a.nel.cloudflare.com\/report\/v4?s=T0%2FWlIQ%2BLwiUjllf1r9lmDaga%2ByF0Gas%2F0RYyJHim1xU0b1j6NkLSOJBawv6zXRuluGAWVk%2BHtbQx0We2LhxIlkmvSGysYuLEMslYOFWnUg9K1PLdKHrGmVGQsrpTKxmNEb4pg%3D%3D"}],"group":"cf-nel","max_age":604800}
                                    [nel] => {"success_fraction":0,"report_to":"cf-nel","max_age":604800}
                                    [x-frame-options] => SAMEORIGIN
                                    [access-control-allow-credentials] => true
                                    [referrer-policy] => strict-origin
                                    [strict-transport-security] => max-age=31536000
                                    [x-content-type-options] => nosniff
                                    [x-permissions-policy] => clipboard-read=(self), clipboard-write=(self), filesystem=()
                                    [x-xss-protection] => 1; mode=block
                                    [server] => cloudflare
                                    [cf-ray] => 8e7a7923cdc2eb9d-SIN
                                    [content-encoding] => gzip
                                    [server-timing] => cfL4;desc="?proto=TCP&rtt=1688&sent=5&recv=9&lost=0&retrans=0&sent_bytes=2837&recv_bytes=5076&delivery_rate=1822529&cwnd=32&unsent_bytes=0&cid=784518ed7fa346d3&ts=683&x=0"
                                )

                        )

                    [Body] => Webhook body is not logged unless WP_DEBUG mode is turned on. This is to avoid the storing of personal data in the logs.
                )

        )

)
2024-11-24T15:36:13+00:00 INFO Array
(
    [Webhook Delivery] => Array
        (
            [Delivery ID] => da5a8bac43ab7d6d79e27d1c64134172
            [Date] => Nov 24, 2024 @ 15:36
            [URL] => https://connect.pabbly.com/workflow/sendwebhookdata/IjU3NjUwNTY1MDYzZjA0MzE1MjZiNTUzNjUxM2Ei_pc
            [Duration] => 0.30532
            [Request] => Array
                (
                    [Method] => POST
                    [Headers] => Array
                        (
                            [User-Agent] => WooCommerce/9.4.2 Hookshot (WordPress/6.7.1)
                            [Content-Type] => application/json
                            [X-WC-Webhook-Source] => https://colonelzsharpshooterz.com/
                            [X-WC-Webhook-Topic] => order.created
                            [X-WC-Webhook-Resource] => order
                            [X-WC-Webhook-Event] => created
                            [X-WC-Webhook-Signature] => 6E55E5SSrYoyoVqf4uJiy5F4UeeN5aCmHjKH4mbucsg=
                            [X-WC-Webhook-ID] => 11
                            [X-WC-Webhook-Delivery-ID] => da5a8bac43ab7d6d79e27d1c64134172
                        )

                )

            [Body] => Webhook body is not logged unless WP_DEBUG mode is turned on. This is to avoid the storing of personal data in the logs.
            [Response] => Array
                (
                    [Code] => 200
                    [Message] => OK
                    [Headers] => WpOrg\Requests\Utility\CaseInsensitiveDictionary Object
                        (
                            [data:protected] => Array
                                (
                                    [date] => Sun, 24 Nov 2024 15:36:13 GMT
                                    [content-type] => text/html; charset=UTF-8
                                    [access-control-allow-origin] => *
                                    [access-control-allow-methods] => GET, POST, PUT, DELETE, OPTIONS
                                    [access-control-allow-headers] => Content-Type, Content-Length, Accept-Encoding, X-Requested-With
                                    [set-cookie] => ci_connect_pabbly_sesion=1l3fv65vrukkiucgb55ddhf5ohaocbph; expires=Sun, 24-Nov-2024 17:36:13 GMT; Max-Age=7200; path=/; secure; HttpOnly; SameSite=Lax
                                    [expires] => Thu, 19 Nov 1981 08:52:00 GMT
                                    [cache-control] => no-store, no-cache, must-revalidate
                                    [pragma] => no-cache
                                    [cf-cache-status] => DYNAMIC
                                    [vary] => accept-encoding
                                    [report-to] => {"endpoints":[{"url":"https:\/\/a.nel.cloudflare.com\/report\/v4?s=uSVC1xLefrAmkHs939vEOsRCiAt2ueY0rZwea5MK7Bc1ZjmcB7Im%2F8bcMJWOPWqm2qqxYYyloITWIdxmB4DnQf%2BuHyYAZ5IF0S6nxAktAau3ff7s1a%2BW3Um4Cqi9f1pTwxsPhA%3D%3D"}],"group":"cf-nel","max_age":604800}
                                    [nel] => {"success_fraction":0,"report_to":"cf-nel","max_age":604800}
                                    [x-frame-options] => SAMEORIGIN
                                    [access-control-allow-credentials] => true
                                    [referrer-policy] => strict-origin
                                    [strict-transport-security] => max-age=31536000
                                    [x-content-type-options] => nosniff
                                    [x-permissions-policy] => clipboard-read=(self), clipboard-write=(self), filesystem=()
                                    [x-xss-protection] => 1; mode=block
                                    [server] => cloudflare
                                    [cf-ray] => 8e7a792858914691-SIN
                                    [content-encoding] => gzip
                                    [server-timing] => cfL4;desc="?proto=TCP&rtt=1117&min_rtt=1108&rtt_var=329&sent=4&recv=10&lost=0&retrans=0&sent_bytes=2837&recv_bytes=5076&delivery_rate=2487972&cwnd=109&unsent_bytes=0&cid=4bfc31ee79136bdf&ts=286&x=0"
                                )

                        )

                    [Body] => Webhook body is not logged unless WP_DEBUG mode is turned on. This is to avoid the storing of personal data in the logs.
                )

        )

)
2024-11-24T15:36:13+00:00 INFO Array
(
    [Webhook Delivery] => Array
        (
            [Delivery ID] => d982f7120b4d78b9ec9ce5aeac57ff77
            [Date] => Nov 24, 2024 @ 15:36
            [URL] => https://connect.pabbly.com/workflow/sendwebhookdata/IjU3NjUwNTY1MDYzMDA0MzY1MjZiNTUzMjUxMzUi_pc
            [Duration] => 0.72123
            [Request] => Array
                (
                    [Method] => POST
                    [Headers] => Array
                        (
                            [User-Agent] => WooCommerce/9.4.2 Hookshot (WordPress/6.7.1)
                            [Content-Type] => application/json
                            [X-WC-Webhook-Source] => https://colonelzsharpshooterz.com/
                            [X-WC-Webhook-Topic] => order.created
                            [X-WC-Webhook-Resource] => order
                            [X-WC-Webhook-Event] => created
                            [X-WC-Webhook-Signature] => 8BKdd4dgceb5oBlCWPq9kE90Pnz3NAZ01rVv6XyXSTg=
                            [X-WC-Webhook-ID] => 6
                            [X-WC-Webhook-Delivery-ID] => d982f7120b4d78b9ec9ce5aeac57ff77
                        )

                )

            [Body] => Webhook body is not logged unless WP_DEBUG mode is turned on. This is to avoid the storing of personal data in the logs.
            [Response] => Array
                (
                    [Code] => 200
                    [Message] => OK
                    [Headers] => WpOrg\Requests\Utility\CaseInsensitiveDictionary Object
                        (
                            [data:protected] => Array
                                (
                                    [date] => Sun, 24 Nov 2024 15:36:13 GMT
                                    [content-type] => text/html; charset=UTF-8
                                    [access-control-allow-origin] => *
                                    [access-control-allow-methods] => GET, POST, PUT, DELETE, OPTIONS
                                    [access-control-allow-headers] => Content-Type, Content-Length, Accept-Encoding, X-Requested-With
                                    [set-cookie] => ci_connect_pabbly_sesion=ep41e7c836gnr60fdehm4kfpj8p38k8k; expires=Sun, 24-Nov-2024 17:36:13 GMT; Max-Age=7200; path=/; secure; HttpOnly; SameSite=Lax
                                    [expires] => Thu, 19 Nov 1981 08:52:00 GMT
                                    [cache-control] => no-store, no-cache, must-revalidate
                                    [pragma] => no-cache
                                    [cf-cache-status] => DYNAMIC
                                    [vary] => accept-encoding
                                    [report-to] => {"endpoints":[{"url":"https:\/\/a.nel.cloudflare.com\/report\/v4?s=8RY%2Bg8rxYgSxYVbyqGn55ZCpEh0ITCAKQJN9OBW9NiTSFFKhzOow17bFptoECCVV7ztBp%2FTghNnlYbGgx%2F3fdYoFQvTGe6iKcIE%2BRPqYy%2FsT22xyLV1aAysPYmQBauKj8J0KlQ%3D%3D"}],"group":"cf-nel","max_age":604800}
                                    [nel] => {"success_fraction":0,"report_to":"cf-nel","max_age":604800}
                                    [x-frame-options] => SAMEORIGIN
                                    [access-control-allow-credentials] => true
                                    [referrer-policy] => strict-origin
                                    [strict-transport-security] => max-age=31536000
                                    [x-content-type-options] => nosniff
                                    [x-permissions-policy] => clipboard-read=(self), clipboard-write=(self), filesystem=()
                                    [x-xss-protection] => 1; mode=block
                                    [server] => cloudflare
                                    [cf-ray] => 8e7a792a49386baf-SIN
                                    [content-encoding] => gzip
                                    [server-timing] => cfL4;desc="?proto=TCP&rtt=1428&sent=4&recv=10&lost=0&retrans=0&sent_bytes=2837&recv_bytes=5075&delivery_rate=2058280&cwnd=251&unsent_bytes=0&cid=3b152d14aa27c297&ts=701&x=0"
                                )

                        )

                    [Body] => Webhook body is not logged unless WP_DEBUG mode is turned on. This is to avoid the storing of personal data in the logs.
                )

        )

)
2024-11-24T15:36:14+00:00 INFO Array
(
    [Webhook Delivery] => Array
        (
            [Delivery ID] => 53e1d2d4cd18200f420820555601f60b
            [Date] => Nov 24, 2024 @ 15:36
            [URL] => https://connect.pabbly.com/workflow/sendwebhookdata/IjU3NjUwNTY4MDYzMDA0MzA1MjY5NTUzNTUxMzci_pc
            [Duration] => 0.3138
            [Request] => Array
                (
                    [Method] => POST
                    [Headers] => Array
                        (
                            [User-Agent] => WooCommerce/9.4.2 Hookshot (WordPress/6.7.1)
                            [Content-Type] => application/json
                            [X-WC-Webhook-Source] => https://colonelzsharpshooterz.com/
                            [X-WC-Webhook-Topic] => order.updated
                            [X-WC-Webhook-Resource] => order
                            [X-WC-Webhook-Event] => updated
                            [X-WC-Webhook-Signature] => ZZAp5wzUOt4CST3O0oXU6nquZnqWyNhmI7CRljDtdwc=
                            [X-WC-Webhook-ID] => 9
                            [X-WC-Webhook-Delivery-ID] => 53e1d2d4cd18200f420820555601f60b
                        )

                )

            [Body] => Webhook body is not logged unless WP_DEBUG mode is turned on. This is to avoid the storing of personal data in the logs.
            [Response] => Array
                (
                    [Code] => 200
                    [Message] => OK
                    [Headers] => WpOrg\Requests\Utility\CaseInsensitiveDictionary Object
                        (
                            [data:protected] => Array
                                (
                                    [date] => Sun, 24 Nov 2024 15:36:14 GMT
                                    [content-type] => text/html; charset=UTF-8
                                    [access-control-allow-origin] => *
                                    [access-control-allow-methods] => GET, POST, PUT, DELETE, OPTIONS
                                    [access-control-allow-headers] => Content-Type, Content-Length, Accept-Encoding, X-Requested-With
                                    [set-cookie] => ci_connect_pabbly_sesion=i1q2sfp4a7lqhm451ecs3ogtrog6051l; expires=Sun, 24-Nov-2024 17:36:14 GMT; Max-Age=7200; path=/; secure; HttpOnly; SameSite=Lax
                                    [expires] => Thu, 19 Nov 1981 08:52:00 GMT
                                    [cache-control] => no-store, no-cache, must-revalidate
                                    [pragma] => no-cache
                                    [cf-cache-status] => DYNAMIC
                                    [vary] => accept-encoding
                                    [report-to] => {"endpoints":[{"url":"https:\/\/a.nel.cloudflare.com\/report\/v4?s=DLGfbblArdvLvA%2B%2F4VzgZfz43I%2Bi51v2WsOK4BzBzhlXm0w8lGt4w9R8cCXU3d%2ByJRWAdx4UbB6BNCKnSFWK5kDA6tHRrKjZjhbF7i2aY6sS5H857jQNcA76jlu6PhRE%2FAim5A%3D%3D"}],"group":"cf-nel","max_age":604800}
                                    [nel] => {"success_fraction":0,"report_to":"cf-nel","max_age":604800}
                                    [x-frame-options] => SAMEORIGIN
                                    [access-control-allow-credentials] => true
                                    [referrer-policy] => strict-origin
                                    [strict-transport-security] => max-age=31536000
                                    [x-content-type-options] => nosniff
                                    [x-permissions-policy] => clipboard-read=(self), clipboard-write=(self), filesystem=()
                                    [x-xss-protection] => 1; mode=block
                                    [server] => cloudflare
                                    [cf-ray] => 8e7a792ee8a781d4-SIN
                                    [content-encoding] => gzip
                                    [server-timing] => cfL4;desc="?proto=TCP&rtt=1199&sent=4&recv=9&lost=0&retrans=0&sent_bytes=2838&recv_bytes=5075&delivery_rate=2369885&cwnd=251&unsent_bytes=0&cid=4ad08074bd94c9c2&ts=284&x=0"
                                )

                        )

                    [Body] => Webhook body is not logged unless WP_DEBUG mode is turned on. This is to avoid the storing of personal data in the logs.
                )

        )

)
2024-11-24T15:36:14+00:00 INFO Array
(
    [Webhook Delivery] => Array
        (
            [Delivery ID] => 70a0d1220993666c61ac2e9c6a57b00e
            [Date] => Nov 24, 2024 @ 15:36
            [URL] => https://connect.pabbly.com/workflow/sendwebhookdata/IjU3NjUwNTY1MDYzNjA0MzE1MjZiNTUzMTUxMzUi_pc
            [Duration] => 0.31772
            [Request] => Array
                (
                    [Method] => POST
                    [Headers] => Array
                        (
                            [User-Agent] => WooCommerce/9.4.2 Hookshot (WordPress/6.7.1)
                            [Content-Type] => application/json
                            [X-WC-Webhook-Source] => https://colonelzsharpshooterz.com/
                            [X-WC-Webhook-Topic] => order.updated
                            [X-WC-Webhook-Resource] => order
                            [X-WC-Webhook-Event] => updated
                            [X-WC-Webhook-Signature] => QZFsx5EeqAHF5xQM0C3osTqT7nP0JxODVHfO2pw62LU=
                            [X-WC-Webhook-ID] => 5
                            [X-WC-Webhook-Delivery-ID] => 70a0d1220993666c61ac2e9c6a57b00e
                        )

                )

            [Body] => Webhook body is not logged unless WP_DEBUG mode is turned on. This is to avoid the storing of personal data in the logs.
            [Response] => Array
                (
                    [Code] => 200
                    [Message] => OK
                    [Headers] => WpOrg\Requests\Utility\CaseInsensitiveDictionary Object
                        (
                            [data:protected] => Array
                                (
                                    [date] => Sun, 24 Nov 2024 15:36:14 GMT
                                    [content-type] => text/html; charset=UTF-8
                                    [access-control-allow-origin] => *
                                    [access-control-allow-methods] => GET, POST, PUT, DELETE, OPTIONS
                                    [access-control-allow-headers] => Content-Type, Content-Length, Accept-Encoding, X-Requested-With
                                    [set-cookie] => ci_connect_pabbly_sesion=fvo9c1unr1jfekhrh3hbcu2s9577n0oh; expires=Sun, 24-Nov-2024 17:36:14 GMT; Max-Age=7200; path=/; secure; HttpOnly; SameSite=Lax
                                    [expires] => Thu, 19 Nov 1981 08:52:00 GMT
                                    [cache-control] => no-store, no-cache, must-revalidate
                                    [pragma] => no-cache
                                    [cf-cache-status] => DYNAMIC
                                    [vary] => accept-encoding
                                    [report-to] => {"endpoints":[{"url":"https:\/\/a.nel.cloudflare.com\/report\/v4?s=QFvR4zMFQDoxy2FRxozyuj9apJL2yqFmqCvvncRm%2BcQeRDSuzq3wOeSaUi1InFTEeLvi4zfqCoS8ahw%2Bi3Q%2Fc%2FESz2VdVHqEAxYLwc8FogMjMjwxEG1FYN32%2Fah2nJnT854%2F3A%3D%3D"}],"group":"cf-nel","max_age":604800}
                                    [nel] => {"success_fraction":0,"report_to":"cf-nel","max_age":604800}
                                    [x-frame-options] => SAMEORIGIN
                                    [access-control-allow-credentials] => true
                                    [referrer-policy] => strict-origin
                                    [strict-transport-security] => max-age=31536000
                                    [x-content-type-options] => nosniff
                                    [x-permissions-policy] => clipboard-read=(self), clipboard-write=(self), filesystem=()
                                    [x-xss-protection] => 1; mode=block
                                    [server] => cloudflare
                                    [cf-ray] => 8e7a7930e9d981f2-SIN
                                    [content-encoding] => gzip
                                    [server-timing] => cfL4;desc="?proto=TCP&rtt=1088&sent=5&recv=9&lost=0&retrans=0&sent_bytes=2837&recv_bytes=5075&delivery_rate=2714151&cwnd=251&unsent_bytes=0&cid=6df35abbfd4c8b57&ts=299&x=0"
                                )

                        )

                    [Body] => Webhook body is not logged unless WP_DEBUG mode is turned on. This is to avoid the storing of personal data in the logs.
                )

        )

)
2024-11-24T15:39:06+00:00 INFO Array
(
    [Webhook Delivery] => Array
        (
            [Delivery ID] => 8c3daa87719ebdc53230a1a53386307f
            [Date] => Nov 24, 2024 @ 15:39
            [URL] => https://connect.pabbly.com/workflow/sendwebhookdata/IjU3NjUwNTY4MDYzMDA0MzA1MjY5NTUzNTUxMzci_pc
            [Duration] => 1.23394
            [Request] => Array
                (
                    [Method] => POST
                    [Headers] => Array
                        (
                            [User-Agent] => WooCommerce/9.4.2 Hookshot (WordPress/6.7.1)
                            [Content-Type] => application/json
                            [X-WC-Webhook-Source] => https://colonelzsharpshooterz.com/
                            [X-WC-Webhook-Topic] => order.updated
                            [X-WC-Webhook-Resource] => order
                            [X-WC-Webhook-Event] => updated
                            [X-WC-Webhook-Signature] => Rit9GUq6mSX6ixysx3RU1S5C+PO9+ZxjP05dD0VgZ9E=
                            [X-WC-Webhook-ID] => 9
                            [X-WC-Webhook-Delivery-ID] => 8c3daa87719ebdc53230a1a53386307f
                        )

                )

            [Body] => Webhook body is not logged unless WP_DEBUG mode is turned on. This is to avoid the storing of personal data in the logs.
            [Response] => Array
                (
                    [Code] => 200
                    [Message] => OK
                    [Headers] => WpOrg\Requests\Utility\CaseInsensitiveDictionary Object
                        (
                            [data:protected] => Array
                                (
                                    [date] => Sun, 24 Nov 2024 15:39:06 GMT
                                    [content-type] => text/html; charset=UTF-8
                                    [access-control-allow-origin] => *
                                    [access-control-allow-methods] => GET, POST, PUT, DELETE, OPTIONS
                                    [access-control-allow-headers] => Content-Type, Content-Length, Accept-Encoding, X-Requested-With
                                    [set-cookie] => ci_connect_pabbly_sesion=47cp5l9n9090o8rcvq810h7bsdp66nfh; expires=Sun, 24-Nov-2024 17:39:06 GMT; Max-Age=7200; path=/; secure; HttpOnly; SameSite=Lax
                                    [expires] => Thu, 19 Nov 1981 08:52:00 GMT
                                    [cache-control] => no-store, no-cache, must-revalidate
                                    [pragma] => no-cache
                                    [cf-cache-status] => DYNAMIC
                                    [vary] => accept-encoding
                                    [report-to] => {"endpoints":[{"url":"https:\/\/a.nel.cloudflare.com\/report\/v4?s=Zagr6BYoej%2B4pheOk1ZTd7qRYGc2NMWkr4W%2Bltt9PWQfnpVup2L92NejWIHh1oBfdVv5otOfVsUxjdI79VxpHJx2upsSkBWPSWuWxscbrsrTxnkLb97FXSfNPyLHbgFNZyLcSw%3D%3D"}],"group":"cf-nel","max_age":604800}
                                    [nel] => {"success_fraction":0,"report_to":"cf-nel","max_age":604800}
                                    [x-frame-options] => SAMEORIGIN
                                    [access-control-allow-credentials] => true
                                    [referrer-policy] => strict-origin
                                    [strict-transport-security] => max-age=31536000
                                    [x-content-type-options] => nosniff
                                    [x-permissions-policy] => clipboard-read=(self), clipboard-write=(self), filesystem=()
                                    [x-xss-protection] => 1; mode=block
                                    [server] => cloudflare
                                    [cf-ray] => 8e7a7d6399a044b9-SIN
                                    [content-encoding] => gzip
                                    [server-timing] => cfL4;desc="?proto=TCP&rtt=1450&sent=4&recv=9&lost=0&retrans=0&sent_bytes=2837&recv_bytes=5187&delivery_rate=2198936&cwnd=251&unsent_bytes=0&cid=7d9bfd929457acf2&ts=760&x=0"
                                )

                        )

                    [Body] => Webhook body is not logged unless WP_DEBUG mode is turned on. This is to avoid the storing of personal data in the logs.
                )

        )

)
2024-11-24T15:39:07+00:00 INFO Array
(
    [Webhook Delivery] => Array
        (
            [Delivery ID] => 789cea6bdb68cc792da0cf66617f767e
            [Date] => Nov 24, 2024 @ 15:39
            [URL] => https://connect.pabbly.com/workflow/sendwebhookdata/IjU3NjUwNTY1MDYzNjA0MzE1MjZiNTUzMTUxMzUi_pc
            [Duration] => 0.72501
            [Request] => Array
                (
                    [Method] => POST
                    [Headers] => Array
                        (
                            [User-Agent] => WooCommerce/9.4.2 Hookshot (WordPress/6.7.1)
                            [Content-Type] => application/json
                            [X-WC-Webhook-Source] => https://colonelzsharpshooterz.com/
                            [X-WC-Webhook-Topic] => order.updated
                            [X-WC-Webhook-Resource] => order
                            [X-WC-Webhook-Event] => updated
                            [X-WC-Webhook-Signature] => ab3ypEJVyUgvx1xAuUkBqSINP5SD1TtWGJ8Naql2CrU=
                            [X-WC-Webhook-ID] => 5
                            [X-WC-Webhook-Delivery-ID] => 789cea6bdb68cc792da0cf66617f767e
                        )

                )

            [Body] => Webhook body is not logged unless WP_DEBUG mode is turned on. This is to avoid the storing of personal data in the logs.
            [Response] => Array
                (
                    [Code] => 200
                    [Message] => OK
                    [Headers] => WpOrg\Requests\Utility\CaseInsensitiveDictionary Object
                        (
                            [data:protected] => Array
                                (
                                    [date] => Sun, 24 Nov 2024 15:39:07 GMT
                                    [content-type] => text/html; charset=UTF-8
                                    [access-control-allow-origin] => *
                                    [access-control-allow-methods] => GET, POST, PUT, DELETE, OPTIONS
                                    [access-control-allow-headers] => Content-Type, Content-Length, Accept-Encoding, X-Requested-With
                                    [set-cookie] => ci_connect_pabbly_sesion=4mfa30qj4t0tgc6mmjtrh23bffvgpuoa; expires=Sun, 24-Nov-2024 17:39:07 GMT; Max-Age=7200; path=/; secure; HttpOnly; SameSite=Lax
                                    [expires] => Thu, 19 Nov 1981 08:52:00 GMT
                                    [cache-control] => no-store, no-cache, must-revalidate
                                    [pragma] => no-cache
                                    [cf-cache-status] => DYNAMIC
                                    [vary] => accept-encoding
                                    [report-to] => {"endpoints":[{"url":"https:\/\/a.nel.cloudflare.com\/report\/v4?s=yhJfs7Foo6uTUFV2R%2FRuw2HifWw82pqLlN2kF1wuyrqAn15fdyEBxKVSAysQF3xueQNc80K3m8exTelGITleYT5QZkhsWegpA0Mh8H2H%2FkHokQDMn53Vpq4tNbCpNAnw3nU%2FzA%3D%3D"}],"group":"cf-nel","max_age":604800}
                                    [nel] => {"success_fraction":0,"report_to":"cf-nel","max_age":604800}
                                    [x-frame-options] => SAMEORIGIN
                                    [access-control-allow-credentials] => true
                                    [referrer-policy] => strict-origin
                                    [strict-transport-security] => max-age=31536000
                                    [x-content-type-options] => nosniff
                                    [x-permissions-policy] => clipboard-read=(self), clipboard-write=(self), filesystem=()
                                    [x-xss-protection] => 1; mode=block
                                    [server] => cloudflare
                                    [cf-ray] => 8e7a7d6898039b91-SIN
                                    [content-encoding] => gzip
                                    [server-timing] => cfL4;desc="?proto=TCP&rtt=1416&sent=5&recv=9&lost=0&retrans=0&sent_bytes=2837&recv_bytes=5187&delivery_rate=2322373&cwnd=251&unsent_bytes=0&cid=c2bf8d88641ed586&ts=704&x=0"
                                )

                        )

                    [Body] => Webhook body is not logged unless WP_DEBUG mode is turned on. This is to avoid the storing of personal data in the logs.
                )

        )

)
