2024-11-18T11:30:02+00:00 INFO Array
(
    [Webhook Delivery] => Array
        (
            [Delivery ID] => dce3268e39021c87072f2b03e01aa3bf
            [Date] => Nov 18, 2024 @ 11:30
            [URL] => https://connect.pabbly.com/workflow/sendwebhookdata/IjU3NjUwNTY1MDYzMTA0M2M1MjY5NTUzMzUxMzAi_pc
            [Duration] => 1.32234
            [Request] => Array
                (
                    [Method] => POST
                    [Headers] => Array
                        (
                            [User-Agent] => WooCommerce/9.4.1 Hookshot (WordPress/6.7)
                            [Content-Type] => application/json
                            [X-WC-Webhook-Source] => https://colonelzsharpshooterz.com/
                            [X-WC-Webhook-Topic] => customer.created
                            [X-WC-Webhook-Resource] => customer
                            [X-WC-Webhook-Event] => created
                            [X-WC-Webhook-Signature] => IGhQecqcexRJWs2v9orUep3I7Uytx+OeVZgewEm16GQ=
                            [X-WC-Webhook-ID] => 8
                            [X-WC-Webhook-Delivery-ID] => dce3268e39021c87072f2b03e01aa3bf
                        )

                )

            [Body] => Webhook body is not logged unless WP_DEBUG mode is turned on. This is to avoid the storing of personal data in the logs.
            [Response] => Array
                (
                    [Code] => 200
                    [Message] => OK
                    [Headers] => WpOrg\Requests\Utility\CaseInsensitiveDictionary Object
                        (
                            [data:protected] => Array
                                (
                                    [date] => Mon, 18 Nov 2024 11:30:02 GMT
                                    [content-type] => text/html; charset=UTF-8
                                    [access-control-allow-origin] => *
                                    [access-control-allow-methods] => GET, POST, PUT, DELETE, OPTIONS
                                    [access-control-allow-headers] => Content-Type, Content-Length, Accept-Encoding, X-Requested-With
                                    [set-cookie] => ci_connect_pabbly_sesion=lub9u4pk85cadn91441i1vgvko4436dl; expires=Mon, 18-Nov-2024 13:30:02 GMT; Max-Age=7200; path=/; secure; HttpOnly; SameSite=Lax
                                    [expires] => Thu, 19 Nov 1981 08:52:00 GMT
                                    [cache-control] => no-store, no-cache, must-revalidate
                                    [pragma] => no-cache
                                    [cf-cache-status] => DYNAMIC
                                    [vary] => accept-encoding
                                    [report-to] => {"endpoints":[{"url":"https:\/\/a.nel.cloudflare.com\/report\/v4?s=t0QVTou5hBFlzECMScGq0AseeI3YvuBnXUKoHzDVIEi%2Bq0MrbAunQ5xV82BNUlUj%2BSbxAoEyHaOE%2FeRaWhGy2tG37ez3dbmQGim6SKjLIJxUTuMJaZ1JCfz%2B%2B6wjShNPXlUzAQ%3D%3D"}],"group":"cf-nel","max_age":604800}
                                    [nel] => {"success_fraction":0,"report_to":"cf-nel","max_age":604800}
                                    [x-frame-options] => SAMEORIGIN
                                    [access-control-allow-credentials] => true
                                    [referrer-policy] => strict-origin
                                    [strict-transport-security] => max-age=31536000
                                    [x-content-type-options] => nosniff
                                    [x-permissions-policy] => clipboard-read=(self), clipboard-write=(self), filesystem=()
                                    [x-xss-protection] => 1; mode=block
                                    [server] => cloudflare
                                    [cf-ray] => 8e47a0479dcf4918-SIN
                                    [content-encoding] => gzip
                                    [server-timing] => cfL4;desc="?proto=TCP&rtt=1719&sent=4&recv=7&lost=0&retrans=0&sent_bytes=2837&recv_bytes=3320&delivery_rate=1642654&cwnd=251&unsent_bytes=0&cid=ac56cda405cd3a95&ts=707&x=0"
                                )

                        )

                    [Body] => Webhook body is not logged unless WP_DEBUG mode is turned on. This is to avoid the storing of personal data in the logs.
                )

        )

)
2024-11-18T11:30:03+00:00 INFO Array
(
    [Webhook Delivery] => Array
        (
            [Delivery ID] => b6e834f74acbfc25653d64e4c22e827c
            [Date] => Nov 18, 2024 @ 11:30
            [URL] => https://connect.pabbly.com/workflow/sendwebhookdata/IjU3NjUwNTY1MDYzMTA0M2M1MjY5NTUzZDUxM2Ei_pc
            [Duration] => 0.77917
            [Request] => Array
                (
                    [Method] => POST
                    [Headers] => Array
                        (
                            [User-Agent] => WooCommerce/9.4.1 Hookshot (WordPress/6.7)
                            [Content-Type] => application/json
                            [X-WC-Webhook-Source] => https://colonelzsharpshooterz.com/
                            [X-WC-Webhook-Topic] => customer.updated
                            [X-WC-Webhook-Resource] => customer
                            [X-WC-Webhook-Event] => updated
                            [X-WC-Webhook-Signature] => 2wool+SQsWZa41EJjRLaWdhoEWdJqlWDj0TC18KjfSc=
                            [X-WC-Webhook-ID] => 10
                            [X-WC-Webhook-Delivery-ID] => b6e834f74acbfc25653d64e4c22e827c
                        )

                )

            [Body] => Webhook body is not logged unless WP_DEBUG mode is turned on. This is to avoid the storing of personal data in the logs.
            [Response] => Array
                (
                    [Code] => 404
                    [Message] => Not Found
                    [Headers] => WpOrg\Requests\Utility\CaseInsensitiveDictionary Object
                        (
                            [data:protected] => Array
                                (
                                    [date] => Mon, 18 Nov 2024 11:30:03 GMT
                                    [content-type] => text/html; charset=UTF-8
                                    [access-control-allow-origin] => *
                                    [access-control-allow-methods] => GET, POST, PUT, DELETE, OPTIONS
                                    [access-control-allow-headers] => Content-Type, Content-Length, Accept-Encoding, X-Requested-With
                                    [set-cookie] => ci_connect_pabbly_sesion=6ov50hms7f44kot1c8p2iteqpimjq3gj; expires=Mon, 18-Nov-2024 13:30:02 GMT; Max-Age=7200; path=/; secure; HttpOnly; SameSite=Lax
                                    [expires] => Thu, 19 Nov 1981 08:52:00 GMT
                                    [cache-control] => no-store, no-cache, must-revalidate
                                    [pragma] => no-cache
                                    [cf-cache-status] => DYNAMIC
                                    [vary] => accept-encoding
                                    [report-to] => {"endpoints":[{"url":"https:\/\/a.nel.cloudflare.com\/report\/v4?s=qfAsra52YxranYm7lNRTBUUljgrVlyOI14%2Bmqoah%2BOYk4bO0eYrdfjtTRjba6Fusylw2XcAJjTzAGlfYUXx%2F4varUQtAtyhC7Uw57LpoIRgrkWcjjZY4u4JbvtCYl9klOXNVCQ%3D%3D"}],"group":"cf-nel","max_age":604800}
                                    [nel] => {"success_fraction":0,"report_to":"cf-nel","max_age":604800}
                                    [x-frame-options] => SAMEORIGIN
                                    [access-control-allow-credentials] => true
                                    [referrer-policy] => strict-origin
                                    [strict-transport-security] => max-age=31536000
                                    [x-content-type-options] => nosniff
                                    [x-permissions-policy] => clipboard-read=(self), clipboard-write=(self), filesystem=()
                                    [x-xss-protection] => 1; mode=block
                                    [server] => cloudflare
                                    [cf-ray] => 8e47a04ccdb93e25-SIN
                                    [content-encoding] => gzip
                                    [server-timing] => cfL4;desc="?proto=TCP&rtt=1587&sent=4&recv=7&lost=0&retrans=0&sent_bytes=2837&recv_bytes=3321&delivery_rate=1682742&cwnd=251&unsent_bytes=0&cid=f14edec1d5b35145&ts=750&x=0"
                                )

                        )

                    [Body] => Webhook body is not logged unless WP_DEBUG mode is turned on. This is to avoid the storing of personal data in the logs.
                )

        )

)
