2024-12-04T05:41:22+00:00 INFO Array
(
    [Webhook Delivery] => Array
        (
            [Delivery ID] => c5a399a388d17cf2f723d4bb32f83e16
            [Date] => Dec 4, 2024 @ 5:41
            [URL] => https://connect.pabbly.com/workflow/sendwebhookdata/IjU3NjUwNTY0MDYzNzA0MzU1MjZiNTUzZDUxMzci_pc
            [Duration] => 3.58891
            [Request] => Array
                (
                    [Method] => POST
                    [Headers] => Array
                        (
                            [User-Agent] => WooCommerce/9.4.3 Hookshot (WordPress/6.7.1)
                            [Content-Type] => application/json
                            [X-WC-Webhook-Source] => https://colonelzsharpshooterz.com/
                            [X-WC-Webhook-Topic] => order.created
                            [X-WC-Webhook-Resource] => order
                            [X-WC-Webhook-Event] => created
                            [X-WC-Webhook-Signature] => hjGJufUZXU2GXZh2D5b3mWLSh1zD2gl9IrmqziHMG5o=
                            [X-WC-Webhook-ID] => 12
                            [X-WC-Webhook-Delivery-ID] => c5a399a388d17cf2f723d4bb32f83e16
                        )

                )

            [Body] => Webhook body is not logged unless WP_DEBUG mode is turned on. This is to avoid the storing of personal data in the logs.
            [Response] => Array
                (
                    [Code] => 200
                    [Message] => OK
                    [Headers] => WpOrg\Requests\Utility\CaseInsensitiveDictionary Object
                        (
                            [data:protected] => Array
                                (
                                    [date] => Wed, 04 Dec 2024 05:41:21 GMT
                                    [content-type] => text/html; charset=UTF-8
                                    [access-control-allow-origin] => *
                                    [access-control-allow-methods] => GET, POST, PUT, DELETE, OPTIONS
                                    [access-control-allow-headers] => Content-Type, Content-Length, Accept-Encoding, X-Requested-With
                                    [set-cookie] => ci_connect_pabbly_sesion=r28st5pvql3pvu6eqblg4p3t33qs78ve; expires=Wed, 04-Dec-2024 07:41:21 GMT; Max-Age=7200; path=/; secure; HttpOnly; SameSite=Lax
                                    [expires] => Thu, 19 Nov 1981 08:52:00 GMT
                                    [cache-control] => no-store, no-cache, must-revalidate
                                    [pragma] => no-cache
                                    [cf-cache-status] => DYNAMIC
                                    [report-to] => {"endpoints":[{"url":"https:\/\/a.nel.cloudflare.com\/report\/v4?s=AByxQfAg1pzGC3wCeUgxDssnB2jjDaXsxOj%2FHSTch%2FhRK1EXcd0v%2BgNSNF0Z6HD73v7tLv9DoMQmsH8b3GWCJxkycUISjVp2QPyW6jZ633CEEUlLgb%2BGSoigfswZjkSxL9oU%2BA%3D%3D"}],"group":"cf-nel","max_age":604800}
                                    [nel] => {"success_fraction":0,"report_to":"cf-nel","max_age":604800}
                                    [x-frame-options] => SAMEORIGIN
                                    [access-control-allow-credentials] => true
                                    [referrer-policy] => strict-origin
                                    [strict-transport-security] => max-age=31536000
                                    [x-content-type-options] => nosniff
                                    [x-permissions-policy] => clipboard-read=(self), clipboard-write=(self), filesystem=()
                                    [x-xss-protection] => 1; mode=block
                                    [server] => cloudflare
                                    [cf-ray] => 8ec977881d3fef6c-SIN
                                    [content-encoding] => gzip
                                    [server-timing] => cfL4;desc="?proto=TCP&rtt=1564&min_rtt=1494&rtt_var=487&sent=5&recv=10&lost=0&retrans=0&sent_bytes=2836&recv_bytes=5042&delivery_rate=1699530&cwnd=32&unsent_bytes=0&cid=d3d23a065a12ddb8&ts=775&x=0"
                                )

                        )

                    [Body] => Webhook body is not logged unless WP_DEBUG mode is turned on. This is to avoid the storing of personal data in the logs.
                )

        )

)
2024-12-04T05:41:33+00:00 INFO Array
(
    [Webhook Delivery] => Array
        (
            [Delivery ID] => 0906950c6c5b590866c4d00681cbcc8e
            [Date] => Dec 4, 2024 @ 5:41
            [URL] => https://connect.pabbly.com/workflow/sendwebhookdata/IjU3NjUwNTY1MDYzZjA0MzE1MjZiNTUzNjUxM2Ei_pc
            [Duration] => 2.09407
            [Request] => Array
                (
                    [Method] => POST
                    [Headers] => Array
                        (
                            [User-Agent] => WooCommerce/9.4.3 Hookshot (WordPress/6.7.1)
                            [Content-Type] => application/json
                            [X-WC-Webhook-Source] => https://colonelzsharpshooterz.com/
                            [X-WC-Webhook-Topic] => order.created
                            [X-WC-Webhook-Resource] => order
                            [X-WC-Webhook-Event] => created
                            [X-WC-Webhook-Signature] => Z+E8q52jDb3Sdj2R62Ooxad4XVp8VfO6M64NqvqmRGk=
                            [X-WC-Webhook-ID] => 11
                            [X-WC-Webhook-Delivery-ID] => 0906950c6c5b590866c4d00681cbcc8e
                        )

                )

            [Body] => Webhook body is not logged unless WP_DEBUG mode is turned on. This is to avoid the storing of personal data in the logs.
            [Response] => Array
                (
                    [Code] => 200
                    [Message] => OK
                    [Headers] => WpOrg\Requests\Utility\CaseInsensitiveDictionary Object
                        (
                            [data:protected] => Array
                                (
                                    [date] => Wed, 04 Dec 2024 05:41:33 GMT
                                    [content-type] => text/html; charset=UTF-8
                                    [access-control-allow-origin] => *
                                    [access-control-allow-methods] => GET, POST, PUT, DELETE, OPTIONS
                                    [access-control-allow-headers] => Content-Type, Content-Length, Accept-Encoding, X-Requested-With
                                    [set-cookie] => ci_connect_pabbly_sesion=28h1gffjk9d2ihmhhmg6ej3tcm3gb6op; expires=Wed, 04-Dec-2024 07:41:33 GMT; Max-Age=7200; path=/; secure; HttpOnly; SameSite=Lax
                                    [expires] => Thu, 19 Nov 1981 08:52:00 GMT
                                    [cache-control] => no-store, no-cache, must-revalidate
                                    [pragma] => no-cache
                                    [cf-cache-status] => DYNAMIC
                                    [report-to] => {"endpoints":[{"url":"https:\/\/a.nel.cloudflare.com\/report\/v4?s=FPi%2B8ppaHelQ8VKFvuM1mNCogO4vA3DSDT0dLEmFG5Dwf5lD4qNGIFmHZIZaQlmFpfVGm%2FpqGMIb8u7s%2BmWRWKUJBaAI3O7162O%2BltcfLaPML8c1GL0voh1clzmifStgeEPlAQ%3D%3D"}],"group":"cf-nel","max_age":604800}
                                    [nel] => {"success_fraction":0,"report_to":"cf-nel","max_age":604800}
                                    [x-frame-options] => SAMEORIGIN
                                    [access-control-allow-credentials] => true
                                    [referrer-policy] => strict-origin
                                    [strict-transport-security] => max-age=31536000
                                    [x-content-type-options] => nosniff
                                    [x-permissions-policy] => clipboard-read=(self), clipboard-write=(self), filesystem=()
                                    [x-xss-protection] => 1; mode=block
                                    [server] => cloudflare
                                    [cf-ray] => 8ec977d1c9b2835c-SIN
                                    [content-encoding] => gzip
                                    [server-timing] => cfL4;desc="?proto=TCP&rtt=1223&min_rtt=1132&rtt_var=490&sent=5&recv=9&lost=0&retrans=0&sent_bytes=2837&recv_bytes=5042&delivery_rate=2558303&cwnd=251&unsent_bytes=0&cid=8d8194c92aa5fe56&ts=775&x=0"
                                )

                        )

                    [Body] => Webhook body is not logged unless WP_DEBUG mode is turned on. This is to avoid the storing of personal data in the logs.
                )

        )

)
2024-12-04T05:41:34+00:00 INFO Array
(
    [Webhook Delivery] => Array
        (
            [Delivery ID] => b6a89c25a97c3c6224073d55e64ec73f
            [Date] => Dec 4, 2024 @ 5:41
            [URL] => https://connect.pabbly.com/workflow/sendwebhookdata/IjU3NjUwNTY1MDYzMDA0MzY1MjZiNTUzMjUxMzUi_pc
            [Duration] => 0.90233
            [Request] => Array
                (
                    [Method] => POST
                    [Headers] => Array
                        (
                            [User-Agent] => WooCommerce/9.4.3 Hookshot (WordPress/6.7.1)
                            [Content-Type] => application/json
                            [X-WC-Webhook-Source] => https://colonelzsharpshooterz.com/
                            [X-WC-Webhook-Topic] => order.created
                            [X-WC-Webhook-Resource] => order
                            [X-WC-Webhook-Event] => created
                            [X-WC-Webhook-Signature] => BQOT5IDsceT7VGAOBVGpwVmqCYQ5faaHqEWxAgQR6v0=
                            [X-WC-Webhook-ID] => 6
                            [X-WC-Webhook-Delivery-ID] => b6a89c25a97c3c6224073d55e64ec73f
                        )

                )

            [Body] => Webhook body is not logged unless WP_DEBUG mode is turned on. This is to avoid the storing of personal data in the logs.
            [Response] => Array
                (
                    [Code] => 200
                    [Message] => OK
                    [Headers] => WpOrg\Requests\Utility\CaseInsensitiveDictionary Object
                        (
                            [data:protected] => Array
                                (
                                    [date] => Wed, 04 Dec 2024 05:41:34 GMT
                                    [content-type] => text/html; charset=UTF-8
                                    [access-control-allow-origin] => *
                                    [access-control-allow-methods] => GET, POST, PUT, DELETE, OPTIONS
                                    [access-control-allow-headers] => Content-Type, Content-Length, Accept-Encoding, X-Requested-With
                                    [set-cookie] => ci_connect_pabbly_sesion=hqa6v4prq9l72vbt87jr59in0o2v0dqf; expires=Wed, 04-Dec-2024 07:41:34 GMT; Max-Age=7200; path=/; secure; HttpOnly; SameSite=Lax
                                    [expires] => Thu, 19 Nov 1981 08:52:00 GMT
                                    [cache-control] => no-store, no-cache, must-revalidate
                                    [pragma] => no-cache
                                    [cf-cache-status] => DYNAMIC
                                    [report-to] => {"endpoints":[{"url":"https:\/\/a.nel.cloudflare.com\/report\/v4?s=tWrNLi4eJKDlLYt5Oa1eFT6MgbkM8WYjtDw%2Fsqcu%2FeKdLOKt6gbn9CdpieC5NIo%2FOUKkByhVFXfyMz%2Bw%2B612TuTLdb013TQFu1acBdv%2BunYl9vgEQRr%2BE08H7uogg0mBuzTXpw%3D%3D"}],"group":"cf-nel","max_age":604800}
                                    [nel] => {"success_fraction":0,"report_to":"cf-nel","max_age":604800}
                                    [x-frame-options] => SAMEORIGIN
                                    [access-control-allow-credentials] => true
                                    [referrer-policy] => strict-origin
                                    [strict-transport-security] => max-age=31536000
                                    [x-content-type-options] => nosniff
                                    [x-permissions-policy] => clipboard-read=(self), clipboard-write=(self), filesystem=()
                                    [x-xss-protection] => 1; mode=block
                                    [server] => cloudflare
                                    [cf-ray] => 8ec977d94c1891c3-SIN
                                    [content-encoding] => gzip
                                    [server-timing] => cfL4;desc="?proto=TCP&rtt=1317&min_rtt=1282&rtt_var=505&sent=5&recv=9&lost=0&retrans=0&sent_bytes=2836&recv_bytes=5041&delivery_rate=2258970&cwnd=251&unsent_bytes=0&cid=3ad7010085a2a820&ts=775&x=0"
                                )

                        )

                    [Body] => Webhook body is not logged unless WP_DEBUG mode is turned on. This is to avoid the storing of personal data in the logs.
                )

        )

)
2024-12-04T05:46:11+00:00 INFO Array
(
    [Webhook Delivery] => Array
        (
            [Delivery ID] => d71ce11cfaffbbf1797ea1729047f0f6
            [Date] => Dec 4, 2024 @ 5:46
            [URL] => https://connect.pabbly.com/workflow/sendwebhookdata/IjU3NjUwNTY4MDYzMDA0MzA1MjY5NTUzNTUxMzci_pc
            [Duration] => 0.84684
            [Request] => Array
                (
                    [Method] => POST
                    [Headers] => Array
                        (
                            [User-Agent] => WooCommerce/9.4.3 Hookshot (WordPress/6.7.1)
                            [Content-Type] => application/json
                            [X-WC-Webhook-Source] => https://colonelzsharpshooterz.com/
                            [X-WC-Webhook-Topic] => order.updated
                            [X-WC-Webhook-Resource] => order
                            [X-WC-Webhook-Event] => updated
                            [X-WC-Webhook-Signature] => SmCi6SgfsmPF2In0dpUZNhhC4QMBAjbM/wY7ztNnl0w=
                            [X-WC-Webhook-ID] => 9
                            [X-WC-Webhook-Delivery-ID] => d71ce11cfaffbbf1797ea1729047f0f6
                        )

                )

            [Body] => Webhook body is not logged unless WP_DEBUG mode is turned on. This is to avoid the storing of personal data in the logs.
            [Response] => Array
                (
                    [Code] => 200
                    [Message] => OK
                    [Headers] => WpOrg\Requests\Utility\CaseInsensitiveDictionary Object
                        (
                            [data:protected] => Array
                                (
                                    [date] => Wed, 04 Dec 2024 05:46:11 GMT
                                    [content-type] => text/html; charset=UTF-8
                                    [access-control-allow-origin] => *
                                    [access-control-allow-methods] => GET, POST, PUT, DELETE, OPTIONS
                                    [access-control-allow-headers] => Content-Type, Content-Length, Accept-Encoding, X-Requested-With
                                    [set-cookie] => ci_connect_pabbly_sesion=8pu689ae0r1tuph8ub105k0uksag7j3q; expires=Wed, 04-Dec-2024 07:46:10 GMT; Max-Age=7200; path=/; secure; HttpOnly; SameSite=Lax
                                    [expires] => Thu, 19 Nov 1981 08:52:00 GMT
                                    [cache-control] => no-store, no-cache, must-revalidate
                                    [pragma] => no-cache
                                    [cf-cache-status] => DYNAMIC
                                    [report-to] => {"endpoints":[{"url":"https:\/\/a.nel.cloudflare.com\/report\/v4?s=Db4jRg3VaoVnDIJ4At944CJ3uJKQtL57ckYcwAVh56zKpv%2FccB%2BsU73WnG4%2Bl8opJ6NQtfH5ywzNNhlWrC6oeexk9fCG6Qw5qla00WjSd5tyxZaKaUg9xUWR25o2wHDBCdeMcg%3D%3D"}],"group":"cf-nel","max_age":604800}
                                    [nel] => {"success_fraction":0,"report_to":"cf-nel","max_age":604800}
                                    [x-frame-options] => SAMEORIGIN
                                    [access-control-allow-credentials] => true
                                    [referrer-policy] => strict-origin
                                    [strict-transport-security] => max-age=31536000
                                    [x-content-type-options] => nosniff
                                    [x-permissions-policy] => clipboard-read=(self), clipboard-write=(self), filesystem=()
                                    [x-xss-protection] => 1; mode=block
                                    [server] => cloudflare
                                    [cf-ray] => 8ec97e96b95240cb-SIN
                                    [content-encoding] => gzip
                                    [server-timing] => cfL4;desc="?proto=TCP&rtt=1457&min_rtt=1389&rtt_var=448&sent=4&recv=10&lost=0&retrans=0&sent_bytes=2835&recv_bytes=5114&delivery_rate=2070050&cwnd=251&unsent_bytes=0&cid=9ae425f5761237b8&ts=695&x=0"
                                )

                        )

                    [Body] => Webhook body is not logged unless WP_DEBUG mode is turned on. This is to avoid the storing of personal data in the logs.
                )

        )

)
2024-12-04T05:46:11+00:00 INFO Array
(
    [Webhook Delivery] => Array
        (
            [Delivery ID] => 08a8515bbb90712781a64104f73783fe
            [Date] => Dec 4, 2024 @ 5:46
            [URL] => https://connect.pabbly.com/workflow/sendwebhookdata/IjU3NjUwNTY1MDYzNjA0MzE1MjZiNTUzMTUxMzUi_pc
            [Duration] => 0.72309
            [Request] => Array
                (
                    [Method] => POST
                    [Headers] => Array
                        (
                            [User-Agent] => WooCommerce/9.4.3 Hookshot (WordPress/6.7.1)
                            [Content-Type] => application/json
                            [X-WC-Webhook-Source] => https://colonelzsharpshooterz.com/
                            [X-WC-Webhook-Topic] => order.updated
                            [X-WC-Webhook-Resource] => order
                            [X-WC-Webhook-Event] => updated
                            [X-WC-Webhook-Signature] => zXhojyu05S5qTLj7mn7aXMk6ZwOqEINdou/F+PNhQr4=
                            [X-WC-Webhook-ID] => 5
                            [X-WC-Webhook-Delivery-ID] => 08a8515bbb90712781a64104f73783fe
                        )

                )

            [Body] => Webhook body is not logged unless WP_DEBUG mode is turned on. This is to avoid the storing of personal data in the logs.
            [Response] => Array
                (
                    [Code] => 200
                    [Message] => OK
                    [Headers] => WpOrg\Requests\Utility\CaseInsensitiveDictionary Object
                        (
                            [data:protected] => Array
                                (
                                    [date] => Wed, 04 Dec 2024 05:46:11 GMT
                                    [content-type] => text/html; charset=UTF-8
                                    [access-control-allow-origin] => *
                                    [access-control-allow-methods] => GET, POST, PUT, DELETE, OPTIONS
                                    [access-control-allow-headers] => Content-Type, Content-Length, Accept-Encoding, X-Requested-With
                                    [set-cookie] => ci_connect_pabbly_sesion=7meecapcltq0oc5tsvgu91gd2tom72q6; expires=Wed, 04-Dec-2024 07:46:11 GMT; Max-Age=7200; path=/; secure; HttpOnly; SameSite=Lax
                                    [expires] => Thu, 19 Nov 1981 08:52:00 GMT
                                    [cache-control] => no-store, no-cache, must-revalidate
                                    [pragma] => no-cache
                                    [cf-cache-status] => DYNAMIC
                                    [report-to] => {"endpoints":[{"url":"https:\/\/a.nel.cloudflare.com\/report\/v4?s=FQz%2BxVvEl%2FnogUv%2FHK7x7pIRjjVooj5jiKPc9DO1h8ODjQTim%2BbAdcCjBpZGbgGkcKUFDM6jfiVQszP165qc6IjAdsgsyBL%2BWY6n0j8SmvYa%2FaAkVrPLJvJRWt0NQ3LZbmdEVQ%3D%3D"}],"group":"cf-nel","max_age":604800}
                                    [nel] => {"success_fraction":0,"report_to":"cf-nel","max_age":604800}
                                    [x-frame-options] => SAMEORIGIN
                                    [access-control-allow-credentials] => true
                                    [referrer-policy] => strict-origin
                                    [strict-transport-security] => max-age=31536000
                                    [x-content-type-options] => nosniff
                                    [x-permissions-policy] => clipboard-read=(self), clipboard-write=(self), filesystem=()
                                    [x-xss-protection] => 1; mode=block
                                    [server] => cloudflare
                                    [cf-ray] => 8ec97e9b59f646f1-SIN
                                    [content-encoding] => gzip
                                    [server-timing] => cfL4;desc="?proto=TCP&rtt=1203&min_rtt=1080&rtt_var=493&sent=5&recv=9&lost=0&retrans=0&sent_bytes=2838&recv_bytes=5114&delivery_rate=2681481&cwnd=251&unsent_bytes=0&cid=b39b3e64b88f8248&ts=703&x=0"
                                )

                        )

                    [Body] => Webhook body is not logged unless WP_DEBUG mode is turned on. This is to avoid the storing of personal data in the logs.
                )

        )

)
2024-12-04T18:26:58+00:00 INFO Array
(
    [Webhook Delivery] => Array
        (
            [Delivery ID] => fe9c3579ec18c0736dc1b87e262c817c
            [Date] => Dec 4, 2024 @ 18:26
            [URL] => https://connect.pabbly.com/workflow/sendwebhookdata/IjU3NjUwNTY1MDYzMTA0M2M1MjY5NTUzMzUxMzAi_pc
            [Duration] => 1.07547
            [Request] => Array
                (
                    [Method] => POST
                    [Headers] => Array
                        (
                            [User-Agent] => WooCommerce/9.4.3 Hookshot (WordPress/6.7.1)
                            [Content-Type] => application/json
                            [X-WC-Webhook-Source] => https://colonelzsharpshooterz.com/
                            [X-WC-Webhook-Topic] => customer.created
                            [X-WC-Webhook-Resource] => customer
                            [X-WC-Webhook-Event] => created
                            [X-WC-Webhook-Signature] => +c+TYz9p1/YjbI/xTFI3v94cQLbbg7RYFCi98IZPYkg=
                            [X-WC-Webhook-ID] => 8
                            [X-WC-Webhook-Delivery-ID] => fe9c3579ec18c0736dc1b87e262c817c
                        )

                )

            [Body] => Webhook body is not logged unless WP_DEBUG mode is turned on. This is to avoid the storing of personal data in the logs.
            [Response] => Array
                (
                    [Code] => 200
                    [Message] => OK
                    [Headers] => WpOrg\Requests\Utility\CaseInsensitiveDictionary Object
                        (
                            [data:protected] => Array
                                (
                                    [date] => Wed, 04 Dec 2024 18:26:58 GMT
                                    [content-type] => text/html; charset=UTF-8
                                    [access-control-allow-origin] => *
                                    [access-control-allow-methods] => GET, POST, PUT, DELETE, OPTIONS
                                    [access-control-allow-headers] => Content-Type, Content-Length, Accept-Encoding, X-Requested-With
                                    [set-cookie] => ci_connect_pabbly_sesion=hh1g58sjrssojgndlr2vpbbfb4u4vl8q; expires=Wed, 04-Dec-2024 20:26:58 GMT; Max-Age=7200; path=/; secure; HttpOnly; SameSite=Lax
                                    [expires] => Thu, 19 Nov 1981 08:52:00 GMT
                                    [cache-control] => no-store, no-cache, must-revalidate
                                    [pragma] => no-cache
                                    [cf-cache-status] => DYNAMIC
                                    [report-to] => {"endpoints":[{"url":"https:\/\/a.nel.cloudflare.com\/report\/v4?s=9MMYVkEaN4eeet8EP14PcG5K%2B8YyIMw88CO3t7b8H4I0%2FIuYhICMvnqjBjG4rKgdEj7ChJBfNKF5IcisEzflvED6kYygSI92RE5tnvB05Czv%2FamgdJlqm2QVTnOEhXfOZDkzQQ%3D%3D"}],"group":"cf-nel","max_age":604800}
                                    [nel] => {"success_fraction":0,"report_to":"cf-nel","max_age":604800}
                                    [x-frame-options] => SAMEORIGIN
                                    [access-control-allow-credentials] => true
                                    [referrer-policy] => strict-origin
                                    [strict-transport-security] => max-age=31536000
                                    [x-content-type-options] => nosniff
                                    [x-permissions-policy] => clipboard-read=(self), clipboard-write=(self), filesystem=()
                                    [x-xss-protection] => 1; mode=block
                                    [server] => cloudflare
                                    [cf-ray] => 8ecdd908f91e40d4-SIN
                                    [content-encoding] => gzip
                                    [server-timing] => cfL4;desc="?proto=TCP&rtt=1278&min_rtt=1253&rtt_var=488&sent=5&recv=7&lost=0&retrans=0&sent_bytes=2837&recv_bytes=3355&delivery_rate=2311252&cwnd=252&unsent_bytes=0&cid=24666e240ead6670&ts=709&x=0"
                                )

                        )

                    [Body] => Webhook body is not logged unless WP_DEBUG mode is turned on. This is to avoid the storing of personal data in the logs.
                )

        )

)
2024-12-04T18:57:48+00:00 INFO Array
(
    [Webhook Delivery] => Array
        (
            [Delivery ID] => 0599febff53822ea27915f7c4e57af1e
            [Date] => Dec 4, 2024 @ 18:57
            [URL] => https://connect.pabbly.com/workflow/sendwebhookdata/IjU3NjUwNTY0MDYzNzA0MzU1MjZiNTUzZDUxMzci_pc
            [Duration] => 1.95971
            [Request] => Array
                (
                    [Method] => POST
                    [Headers] => Array
                        (
                            [User-Agent] => WooCommerce/9.4.3 Hookshot (WordPress/6.7.1)
                            [Content-Type] => application/json
                            [X-WC-Webhook-Source] => https://colonelzsharpshooterz.com/
                            [X-WC-Webhook-Topic] => order.created
                            [X-WC-Webhook-Resource] => order
                            [X-WC-Webhook-Event] => created
                            [X-WC-Webhook-Signature] => ATK+5WW/et66K2Cfe+WAWeUPU3m1fkQmuiX82cH439Q=
                            [X-WC-Webhook-ID] => 12
                            [X-WC-Webhook-Delivery-ID] => 0599febff53822ea27915f7c4e57af1e
                        )

                )

            [Body] => Webhook body is not logged unless WP_DEBUG mode is turned on. This is to avoid the storing of personal data in the logs.
            [Response] => Array
                (
                    [Code] => 200
                    [Message] => OK
                    [Headers] => WpOrg\Requests\Utility\CaseInsensitiveDictionary Object
                        (
                            [data:protected] => Array
                                (
                                    [date] => Wed, 04 Dec 2024 18:57:48 GMT
                                    [content-type] => text/html; charset=UTF-8
                                    [access-control-allow-origin] => *
                                    [access-control-allow-methods] => GET, POST, PUT, DELETE, OPTIONS
                                    [access-control-allow-headers] => Content-Type, Content-Length, Accept-Encoding, X-Requested-With
                                    [set-cookie] => ci_connect_pabbly_sesion=82muk3juji8u2pshic188acvceac55bs; expires=Wed, 04-Dec-2024 20:57:48 GMT; Max-Age=7200; path=/; secure; HttpOnly; SameSite=Lax
                                    [expires] => Thu, 19 Nov 1981 08:52:00 GMT
                                    [cache-control] => no-store, no-cache, must-revalidate
                                    [pragma] => no-cache
                                    [cf-cache-status] => DYNAMIC
                                    [report-to] => {"endpoints":[{"url":"https:\/\/a.nel.cloudflare.com\/report\/v4?s=%2FFQIUUhXq2fbuf05GM297YbjtM%2FLg1qvj6IpLMKonvsR2dg0xAf3OD4EEqAq2twFWGkU%2FV0MQPoknDFndivAwHO2EB0%2FdgZh0J3IxNkCbL3iTZFPp79fYfCcvxYysko7TuuGUw%3D%3D"}],"group":"cf-nel","max_age":604800}
                                    [nel] => {"success_fraction":0,"report_to":"cf-nel","max_age":604800}
                                    [x-frame-options] => SAMEORIGIN
                                    [access-control-allow-credentials] => true
                                    [referrer-policy] => strict-origin
                                    [strict-transport-security] => max-age=31536000
                                    [x-content-type-options] => nosniff
                                    [x-permissions-policy] => clipboard-read=(self), clipboard-write=(self), filesystem=()
                                    [x-xss-protection] => 1; mode=block
                                    [server] => cloudflare
                                    [cf-ray] => 8ece06303fcbce6d-SIN
                                    [content-encoding] => gzip
                                    [server-timing] => cfL4;desc="?proto=TCP&rtt=1582&min_rtt=1421&rtt_var=648&sent=5&recv=11&lost=0&retrans=0&sent_bytes=2836&recv_bytes=7546&delivery_rate=2038001&cwnd=245&unsent_bytes=0&cid=6742791e5065ace9&ts=696&x=0"
                                )

                        )

                    [Body] => Webhook body is not logged unless WP_DEBUG mode is turned on. This is to avoid the storing of personal data in the logs.
                )

        )

)
2024-12-04T18:57:49+00:00 INFO Array
(
    [Webhook Delivery] => Array
        (
            [Delivery ID] => a40d993ba02ad121f03242db15d37bde
            [Date] => Dec 4, 2024 @ 18:57
            [URL] => https://connect.pabbly.com/workflow/sendwebhookdata/IjU3NjUwNTY1MDYzZjA0MzE1MjZiNTUzNjUxM2Ei_pc
            [Duration] => 0.73449
            [Request] => Array
                (
                    [Method] => POST
                    [Headers] => Array
                        (
                            [User-Agent] => WooCommerce/9.4.3 Hookshot (WordPress/6.7.1)
                            [Content-Type] => application/json
                            [X-WC-Webhook-Source] => https://colonelzsharpshooterz.com/
                            [X-WC-Webhook-Topic] => order.created
                            [X-WC-Webhook-Resource] => order
                            [X-WC-Webhook-Event] => created
                            [X-WC-Webhook-Signature] => /rvrJzWluMLU/t91OeXKsRCQBlOwNkREMDZNGkWAZJw=
                            [X-WC-Webhook-ID] => 11
                            [X-WC-Webhook-Delivery-ID] => a40d993ba02ad121f03242db15d37bde
                        )

                )

            [Body] => Webhook body is not logged unless WP_DEBUG mode is turned on. This is to avoid the storing of personal data in the logs.
            [Response] => Array
                (
                    [Code] => 200
                    [Message] => OK
                    [Headers] => WpOrg\Requests\Utility\CaseInsensitiveDictionary Object
                        (
                            [data:protected] => Array
                                (
                                    [date] => Wed, 04 Dec 2024 18:57:48 GMT
                                    [content-type] => text/html; charset=UTF-8
                                    [access-control-allow-origin] => *
                                    [access-control-allow-methods] => GET, POST, PUT, DELETE, OPTIONS
                                    [access-control-allow-headers] => Content-Type, Content-Length, Accept-Encoding, X-Requested-With
                                    [set-cookie] => ci_connect_pabbly_sesion=nu1n1r9dhe9jj6o3b0b23jnpjtgrodrv; expires=Wed, 04-Dec-2024 20:57:48 GMT; Max-Age=7200; path=/; secure; HttpOnly; SameSite=Lax
                                    [expires] => Thu, 19 Nov 1981 08:52:00 GMT
                                    [cache-control] => no-store, no-cache, must-revalidate
                                    [pragma] => no-cache
                                    [cf-cache-status] => DYNAMIC
                                    [report-to] => {"endpoints":[{"url":"https:\/\/a.nel.cloudflare.com\/report\/v4?s=KIyhyBeGVMHUYDnFVECU8o%2B%2FRPyvYViTb6jFrc39%2F13Bec8tO1f28UQ45J6VmXhsc73XgneDzsBDhv6PGBW3GD4IyftjtSosK5eyuFdMiCwE%2BSXAdUd1GNIX35EfO1YqBqxcmQ%3D%3D"}],"group":"cf-nel","max_age":604800}
                                    [nel] => {"success_fraction":0,"report_to":"cf-nel","max_age":604800}
                                    [x-frame-options] => SAMEORIGIN
                                    [access-control-allow-credentials] => true
                                    [referrer-policy] => strict-origin
                                    [strict-transport-security] => max-age=31536000
                                    [x-content-type-options] => nosniff
                                    [x-permissions-policy] => clipboard-read=(self), clipboard-write=(self), filesystem=()
                                    [x-xss-protection] => 1; mode=block
                                    [server] => cloudflare
                                    [cf-ray] => 8ece0634eb3dce85-SIN
                                    [content-encoding] => gzip
                                    [server-timing] => cfL4;desc="?proto=TCP&rtt=1310&min_rtt=1062&rtt_var=575&sent=5&recv=11&lost=0&retrans=0&sent_bytes=2837&recv_bytes=7546&delivery_rate=2726930&cwnd=246&unsent_bytes=0&cid=3adad240a176b57d&ts=706&x=0"
                                )

                        )

                    [Body] => Webhook body is not logged unless WP_DEBUG mode is turned on. This is to avoid the storing of personal data in the logs.
                )

        )

)
2024-12-04T18:57:49+00:00 INFO Array
(
    [Webhook Delivery] => Array
        (
            [Delivery ID] => 81be27b7cf1f1c920b0b37aef81082a2
            [Date] => Dec 4, 2024 @ 18:57
            [URL] => https://connect.pabbly.com/workflow/sendwebhookdata/IjU3NjUwNTY1MDYzMDA0MzY1MjZiNTUzMjUxMzUi_pc
            [Duration] => 0.73103
            [Request] => Array
                (
                    [Method] => POST
                    [Headers] => Array
                        (
                            [User-Agent] => WooCommerce/9.4.3 Hookshot (WordPress/6.7.1)
                            [Content-Type] => application/json
                            [X-WC-Webhook-Source] => https://colonelzsharpshooterz.com/
                            [X-WC-Webhook-Topic] => order.created
                            [X-WC-Webhook-Resource] => order
                            [X-WC-Webhook-Event] => created
                            [X-WC-Webhook-Signature] => deS9Q1GRUn8d4Ka7q+tDYZnNCTKPHdNnmGf0LwYcNSU=
                            [X-WC-Webhook-ID] => 6
                            [X-WC-Webhook-Delivery-ID] => 81be27b7cf1f1c920b0b37aef81082a2
                        )

                )

            [Body] => Webhook body is not logged unless WP_DEBUG mode is turned on. This is to avoid the storing of personal data in the logs.
            [Response] => Array
                (
                    [Code] => 200
                    [Message] => OK
                    [Headers] => WpOrg\Requests\Utility\CaseInsensitiveDictionary Object
                        (
                            [data:protected] => Array
                                (
                                    [date] => Wed, 04 Dec 2024 18:57:49 GMT
                                    [content-type] => text/html; charset=UTF-8
                                    [access-control-allow-origin] => *
                                    [access-control-allow-methods] => GET, POST, PUT, DELETE, OPTIONS
                                    [access-control-allow-headers] => Content-Type, Content-Length, Accept-Encoding, X-Requested-With
                                    [set-cookie] => ci_connect_pabbly_sesion=u4npkuropl2g773g9cik80hbd17b3uhp; expires=Wed, 04-Dec-2024 20:57:49 GMT; Max-Age=7200; path=/; secure; HttpOnly; SameSite=Lax
                                    [expires] => Thu, 19 Nov 1981 08:52:00 GMT
                                    [cache-control] => no-store, no-cache, must-revalidate
                                    [pragma] => no-cache
                                    [cf-cache-status] => DYNAMIC
                                    [report-to] => {"endpoints":[{"url":"https:\/\/a.nel.cloudflare.com\/report\/v4?s=yc%2FtXTmOA2qe3qPr9eUedHOZuYXjDtCkT3jB4Zd01EVszQ%2FY92wWEuTNkCJESUNZVXnzbudE05CmkKDs4udYRxOqwOrP46KXSLDPmzbLuj%2B4FlvbnzUXtzkO2ULf65ekTftNaQ%3D%3D"}],"group":"cf-nel","max_age":604800}
                                    [nel] => {"success_fraction":0,"report_to":"cf-nel","max_age":604800}
                                    [x-frame-options] => SAMEORIGIN
                                    [access-control-allow-credentials] => true
                                    [referrer-policy] => strict-origin
                                    [strict-transport-security] => max-age=31536000
                                    [x-content-type-options] => nosniff
                                    [x-permissions-policy] => clipboard-read=(self), clipboard-write=(self), filesystem=()
                                    [x-xss-protection] => 1; mode=block
                                    [server] => cloudflare
                                    [cf-ray] => 8ece06398f81f91a-SIN
                                    [content-encoding] => gzip
                                    [server-timing] => cfL4;desc="?proto=TCP&rtt=1431&min_rtt=1213&rtt_var=497&sent=5&recv=12&lost=0&retrans=0&sent_bytes=2836&recv_bytes=7545&delivery_rate=2187311&cwnd=32&unsent_bytes=0&cid=5af86f15213ae655&ts=703&x=0"
                                )

                        )

                    [Body] => Webhook body is not logged unless WP_DEBUG mode is turned on. This is to avoid the storing of personal data in the logs.
                )

        )

)
2024-12-04T18:59:12+00:00 INFO Array
(
    [Webhook Delivery] => Array
        (
            [Delivery ID] => cbf46fbd39ccf0ff01426641f164e6af
            [Date] => Dec 4, 2024 @ 18:59
            [URL] => https://connect.pabbly.com/workflow/sendwebhookdata/IjU3NjUwNTY4MDYzMDA0MzA1MjY5NTUzNTUxMzci_pc
            [Duration] => 0.82934
            [Request] => Array
                (
                    [Method] => POST
                    [Headers] => Array
                        (
                            [User-Agent] => WooCommerce/9.4.3 Hookshot (WordPress/6.7.1)
                            [Content-Type] => application/json
                            [X-WC-Webhook-Source] => https://colonelzsharpshooterz.com/
                            [X-WC-Webhook-Topic] => order.updated
                            [X-WC-Webhook-Resource] => order
                            [X-WC-Webhook-Event] => updated
                            [X-WC-Webhook-Signature] => HbTf8Q9ei3FWEt9SIQrlBlChV9y9sZBqUo1UvSgrjTs=
                            [X-WC-Webhook-ID] => 9
                            [X-WC-Webhook-Delivery-ID] => cbf46fbd39ccf0ff01426641f164e6af
                        )

                )

            [Body] => Webhook body is not logged unless WP_DEBUG mode is turned on. This is to avoid the storing of personal data in the logs.
            [Response] => Array
                (
                    [Code] => 200
                    [Message] => OK
                    [Headers] => WpOrg\Requests\Utility\CaseInsensitiveDictionary Object
                        (
                            [data:protected] => Array
                                (
                                    [date] => Wed, 04 Dec 2024 18:59:12 GMT
                                    [content-type] => text/html; charset=UTF-8
                                    [access-control-allow-origin] => *
                                    [access-control-allow-methods] => GET, POST, PUT, DELETE, OPTIONS
                                    [access-control-allow-headers] => Content-Type, Content-Length, Accept-Encoding, X-Requested-With
                                    [set-cookie] => ci_connect_pabbly_sesion=rh36i79eus1ik6sfhmd0qn17q1ul719g; expires=Wed, 04-Dec-2024 20:59:12 GMT; Max-Age=7200; path=/; secure; HttpOnly; SameSite=Lax
                                    [expires] => Thu, 19 Nov 1981 08:52:00 GMT
                                    [cache-control] => no-store, no-cache, must-revalidate
                                    [pragma] => no-cache
                                    [cf-cache-status] => DYNAMIC
                                    [report-to] => {"endpoints":[{"url":"https:\/\/a.nel.cloudflare.com\/report\/v4?s=U37tSBYvoa1J4fjSBQQvdEC9zbQUSMhI%2BJE4%2Bft6zG%2FnxhW5jEsjrujcD%2Fo3C7t21LPHIU7vljtXGB9di5fppgZSCJMYYjSdRRA061Lexp8F9WTvuGoB%2Fn3r9GsTQVTY%2Fd58Sw%3D%3D"}],"group":"cf-nel","max_age":604800}
                                    [nel] => {"success_fraction":0,"report_to":"cf-nel","max_age":604800}
                                    [x-frame-options] => SAMEORIGIN
                                    [access-control-allow-credentials] => true
                                    [referrer-policy] => strict-origin
                                    [strict-transport-security] => max-age=31536000
                                    [x-content-type-options] => nosniff
                                    [x-permissions-policy] => clipboard-read=(self), clipboard-write=(self), filesystem=()
                                    [x-xss-protection] => 1; mode=block
                                    [server] => cloudflare
                                    [cf-ray] => 8ece083d7d83a08a-SIN
                                    [content-encoding] => gzip
                                    [server-timing] => cfL4;desc="?proto=TCP&rtt=1255&min_rtt=1133&rtt_var=408&sent=5&recv=12&lost=0&retrans=0&sent_bytes=2837&recv_bytes=7754&delivery_rate=2433613&cwnd=251&unsent_bytes=0&cid=75d546e9f8b8fcc5&ts=674&x=0"
                                )

                        )

                    [Body] => Webhook body is not logged unless WP_DEBUG mode is turned on. This is to avoid the storing of personal data in the logs.
                )

        )

)
2024-12-04T18:59:13+00:00 INFO Array
(
    [Webhook Delivery] => Array
        (
            [Delivery ID] => 336a612a4ea2e2c4e2487c1f52cafda6
            [Date] => Dec 4, 2024 @ 18:59
            [URL] => https://connect.pabbly.com/workflow/sendwebhookdata/IjU3NjUwNTY1MDYzNjA0MzE1MjZiNTUzMTUxMzUi_pc
            [Duration] => 0.72638
            [Request] => Array
                (
                    [Method] => POST
                    [Headers] => Array
                        (
                            [User-Agent] => WooCommerce/9.4.3 Hookshot (WordPress/6.7.1)
                            [Content-Type] => application/json
                            [X-WC-Webhook-Source] => https://colonelzsharpshooterz.com/
                            [X-WC-Webhook-Topic] => order.updated
                            [X-WC-Webhook-Resource] => order
                            [X-WC-Webhook-Event] => updated
                            [X-WC-Webhook-Signature] => SmI6jF9USPZFcwpd7YMmlIK/Hv0Ua9B26+3K7yvlgu0=
                            [X-WC-Webhook-ID] => 5
                            [X-WC-Webhook-Delivery-ID] => 336a612a4ea2e2c4e2487c1f52cafda6
                        )

                )

            [Body] => Webhook body is not logged unless WP_DEBUG mode is turned on. This is to avoid the storing of personal data in the logs.
            [Response] => Array
                (
                    [Code] => 200
                    [Message] => OK
                    [Headers] => WpOrg\Requests\Utility\CaseInsensitiveDictionary Object
                        (
                            [data:protected] => Array
                                (
                                    [date] => Wed, 04 Dec 2024 18:59:13 GMT
                                    [content-type] => text/html; charset=UTF-8
                                    [access-control-allow-origin] => *
                                    [access-control-allow-methods] => GET, POST, PUT, DELETE, OPTIONS
                                    [access-control-allow-headers] => Content-Type, Content-Length, Accept-Encoding, X-Requested-With
                                    [set-cookie] => ci_connect_pabbly_sesion=3n9kducpvjk07002gf2bhjeqao371lai; expires=Wed, 04-Dec-2024 20:59:12 GMT; Max-Age=7200; path=/; secure; HttpOnly; SameSite=Lax
                                    [expires] => Thu, 19 Nov 1981 08:52:00 GMT
                                    [cache-control] => no-store, no-cache, must-revalidate
                                    [pragma] => no-cache
                                    [cf-cache-status] => DYNAMIC
                                    [report-to] => {"endpoints":[{"url":"https:\/\/a.nel.cloudflare.com\/report\/v4?s=v9ZMuoAJwRq54Bw90ixFp1Gg1tKeudavDhwd0IM6NsQA7jghhK6K0fNFdF%2B3nZJAOix3yvR1rDGCYl3SnwccFQcxsF6mVVFQUEQorUSoL6uCkoZ53cX5YlRt373wj6mvWO4x3Q%3D%3D"}],"group":"cf-nel","max_age":604800}
                                    [nel] => {"success_fraction":0,"report_to":"cf-nel","max_age":604800}
                                    [x-frame-options] => SAMEORIGIN
                                    [access-control-allow-credentials] => true
                                    [referrer-policy] => strict-origin
                                    [strict-transport-security] => max-age=31536000
                                    [x-content-type-options] => nosniff
                                    [x-permissions-policy] => clipboard-read=(self), clipboard-write=(self), filesystem=()
                                    [x-xss-protection] => 1; mode=block
                                    [server] => cloudflare
                                    [cf-ray] => 8ece0841eb9b3fca-SIN
                                    [content-encoding] => gzip
                                    [server-timing] => cfL4;desc="?proto=TCP&rtt=1185&min_rtt=1113&rtt_var=356&sent=5&recv=12&lost=0&retrans=0&sent_bytes=2837&recv_bytes=7754&delivery_rate=2397350&cwnd=251&unsent_bytes=0&cid=7b4f3140c8cb10b1&ts=703&x=0"
                                )

                        )

                    [Body] => Webhook body is not logged unless WP_DEBUG mode is turned on. This is to avoid the storing of personal data in the logs.
                )

        )

)
